[0.034s] Invoking command in '/home/amr/amr_ws/src/build/amr_description': CMAKE_PREFIX_PATH=${CMAKE_PREFIX_PATH}:/home/amr/turtlebot3_ws/install/turtlebot3_teleop:/home/amr/turtlebot3_ws/install/turtlebot3_example:/home/amr/ros2_ws/install/teleop_twist_keyboard:/opt/ros/jazzy DEBUGINFOD_URLS=https://debuginfod.ubuntu.com /usr/bin/cmake /home/amr/amr_ws/src/amr_description -DCMAKE_INSTALL_PREFIX=/home/amr/amr_ws/src/install/amr_description
[0.227s] -- The C compiler identification is GNU 13.3.0
[0.450s] -- The CXX compiler identification is GNU 13.3.0
[0.488s] -- Detecting C compiler ABI info
[0.665s] -- Detecting C compiler ABI info - done
[0.695s] -- Check for working C compiler: /usr/bin/cc - skipped
[0.696s] -- Detecting C compile features
[0.697s] -- Detecting C compile features - done
[0.716s] -- Detecting CXX compiler ABI info
[0.933s] -- Detecting CXX compiler ABI info - done
[0.967s] -- Check for working CXX compiler: /usr/bin/c++ - skipped
[0.968s] -- Detecting CXX compile features
[0.969s] -- Detecting CXX compile features - done
[0.986s] -- Found ament_cmake: 2.5.4 (/opt/ros/jazzy/share/ament_cmake/cmake)
[1.392s] -- Found Python3: /usr/bin/python3 (found version "3.12.3") found components: Interpreter 
[1.715s] -- Found rclcpp: 28.1.9 (/opt/ros/jazzy/share/rclcpp/cmake)
[1.856s] -- Found rosidl_generator_c: 4.6.5 (/opt/ros/jazzy/share/rosidl_generator_c/cmake)
[1.911s] -- Found rosidl_generator_cpp: 4.6.5 (/opt/ros/jazzy/share/rosidl_generator_cpp/cmake)
[1.974s] -- Using all available rosidl_typesupport_c: rosidl_typesupport_fastrtps_c;rosidl_typesupport_introspection_c
[2.042s] -- Using all available rosidl_typesupport_cpp: rosidl_typesupport_fastrtps_cpp;rosidl_typesupport_introspection_cpp
[2.306s] -- Found rmw_implementation_cmake: 7.3.2 (/opt/ros/jazzy/share/rmw_implementation_cmake/cmake)
[2.321s] -- Found rmw_fastrtps_cpp: 8.4.2 (/opt/ros/jazzy/share/rmw_fastrtps_cpp/cmake)
[2.541s] -- Found OpenSSL: /usr/lib/x86_64-linux-gnu/libcrypto.so (found version "3.0.13")  
[2.603s] -- Found FastRTPS: /opt/ros/jazzy/include (Required is at least version "2.13") 
[2.658s] -- Using RMW implementation 'rmw_fastrtps_cpp' as default
[2.897s] -- Found urdf: 2.10.0 (/opt/ros/jazzy/share/urdf/cmake)
[2.993s] -- Found xacro: 2.0.13 (/opt/ros/jazzy/share/xacro/cmake)
[3.002s] -- Found robot_state_publisher: 3.3.3 (/opt/ros/jazzy/share/robot_state_publisher/cmake)
[3.552s] -- Found ament_lint_auto: 0.17.2 (/opt/ros/jazzy/share/ament_lint_auto/cmake)
[3.786s] -- Added test 'flake8' to check Python code syntax and style conventions
[3.786s] -- Configured 'flake8' exclude dirs and/or files: 
[3.789s] -- Added test 'lint_cmake' to check CMake code style
[3.791s] -- Added test 'pep257' to check Python code against some of the docstring style conventions in PEP 257
[3.796s] -- Added test 'xmllint' to check XML markup files
[3.801s] -- Configuring done (3.7s)
[3.814s] -- Generating done (0.0s)
[3.822s] -- Build files have been written to: /home/amr/amr_ws/src/build/amr_description
[3.839s] Invoked command in '/home/amr/amr_ws/src/build/amr_description' returned '0': CMAKE_PREFIX_PATH=${CMAKE_PREFIX_PATH}:/home/amr/turtlebot3_ws/install/turtlebot3_teleop:/home/amr/turtlebot3_ws/install/turtlebot3_example:/home/amr/ros2_ws/install/teleop_twist_keyboard:/opt/ros/jazzy DEBUGINFOD_URLS=https://debuginfod.ubuntu.com /usr/bin/cmake /home/amr/amr_ws/src/amr_description -DCMAKE_INSTALL_PREFIX=/home/amr/amr_ws/src/install/amr_description
[3.841s] Invoking command in '/home/amr/amr_ws/src/build/amr_description': CMAKE_PREFIX_PATH=${CMAKE_PREFIX_PATH}:/home/amr/turtlebot3_ws/install/turtlebot3_teleop:/home/amr/turtlebot3_ws/install/turtlebot3_example:/home/amr/ros2_ws/install/teleop_twist_keyboard:/opt/ros/jazzy DEBUGINFOD_URLS=https://debuginfod.ubuntu.com /usr/bin/cmake --build /home/amr/amr_ws/src/build/amr_description -- -j4 -l4
[3.913s] Invoked command in '/home/amr/amr_ws/src/build/amr_description' returned '0': CMAKE_PREFIX_PATH=${CMAKE_PREFIX_PATH}:/home/amr/turtlebot3_ws/install/turtlebot3_teleop:/home/amr/turtlebot3_ws/install/turtlebot3_example:/home/amr/ros2_ws/install/teleop_twist_keyboard:/opt/ros/jazzy DEBUGINFOD_URLS=https://debuginfod.ubuntu.com /usr/bin/cmake --build /home/amr/amr_ws/src/build/amr_description -- -j4 -l4
[3.916s] Invoking command in '/home/amr/amr_ws/src/build/amr_description': CMAKE_PREFIX_PATH=${CMAKE_PREFIX_PATH}:/home/amr/turtlebot3_ws/install/turtlebot3_teleop:/home/amr/turtlebot3_ws/install/turtlebot3_example:/home/amr/ros2_ws/install/teleop_twist_keyboard:/opt/ros/jazzy DEBUGINFOD_URLS=https://debuginfod.ubuntu.com /usr/bin/cmake --install /home/amr/amr_ws/src/build/amr_description
[3.931s] -- Install configuration: ""
[3.932s] -- Installing: /home/amr/amr_ws/src/install/amr_description/share/amr_description//launch
[3.932s] -- Installing: /home/amr/amr_ws/src/install/amr_description/share/amr_description//launch/view_robot.launch.py
[3.932s] -- Installing: /home/amr/amr_ws/src/install/amr_description/share/amr_description//launch/view_xacro_robot.launch.py
[3.932s] -- Installing: /home/amr/amr_ws/src/install/amr_description/share/amr_description/urdf
[3.933s] -- Installing: /home/amr/amr_ws/src/install/amr_description/share/amr_description/urdf/sensors
[3.933s] -- Installing: /home/amr/amr_ws/src/install/amr_description/share/amr_description/urdf/sensors/lidar.xacro
[3.933s] -- Installing: /home/amr/amr_ws/src/install/amr_description/share/amr_description/urdf/sensors/camera.xacro
[3.933s] -- Installing: /home/amr/amr_ws/src/install/amr_description/share/amr_description/urdf/sensors/ultrasonic_sensors.xacro
[3.935s] -- Installing: /home/amr/amr_ws/src/install/amr_description/share/amr_description/urdf/sensors/imu.xacro
[3.936s] -- Installing: /home/amr/amr_ws/src/install/amr_description/share/amr_description/urdf/meca
[3.936s] -- Installing: /home/amr/amr_ws/src/install/amr_description/share/amr_description/urdf/meca/wheel.xacro
[3.936s] -- Installing: /home/amr/amr_ws/src/install/amr_description/share/amr_description/urdf/meca/base.xacro
[3.937s] -- Installing: /home/amr/amr_ws/src/install/amr_description/share/amr_description/urdf/control
[3.937s] -- Installing: /home/amr/amr_ws/src/install/amr_description/share/amr_description/urdf/robot
[3.937s] -- Installing: /home/amr/amr_ws/src/install/amr_description/share/amr_description/urdf/robot/main_robot.xacro
[3.937s] -- Installing: /home/amr/amr_ws/src/install/amr_description/share/amr_description/meshes
[3.937s] -- Installing: /home/amr/amr_ws/src/install/amr_description/share/amr_description/meshes/amr.stl
[4.206s] -- Installing: /home/amr/amr_ws/src/install/amr_description/share/amr_description/meshes/lidar.stl
[4.220s] -- Installing: /home/amr/amr_ws/src/install/amr_description/share/amr_description/meshes/hcsr04.stl
[4.233s] -- Installing: /home/amr/amr_ws/src/install/amr_description/share/amr_description/rviz
[4.233s] -- Installing: /home/amr/amr_ws/src/install/amr_description/share/amr_description/rviz/amr.rviz
[4.233s] -- Installing: /home/amr/amr_ws/src/install/amr_description/share/ament_index/resource_index/package_run_dependencies/amr_description
[4.233s] -- Installing: /home/amr/amr_ws/src/install/amr_description/share/ament_index/resource_index/parent_prefix_path/amr_description
[4.234s] -- Installing: /home/amr/amr_ws/src/install/amr_description/share/amr_description/environment/ament_prefix_path.sh
[4.234s] -- Installing: /home/amr/amr_ws/src/install/amr_description/share/amr_description/environment/ament_prefix_path.dsv
[4.235s] -- Installing: /home/amr/amr_ws/src/install/amr_description/share/amr_description/environment/path.sh
[4.235s] -- Installing: /home/amr/amr_ws/src/install/amr_description/share/amr_description/environment/path.dsv
[4.235s] -- Installing: /home/amr/amr_ws/src/install/amr_description/share/amr_description/local_setup.bash
[4.235s] -- Installing: /home/amr/amr_ws/src/install/amr_description/share/amr_description/local_setup.sh
[4.235s] -- Installing: /home/amr/amr_ws/src/install/amr_description/share/amr_description/local_setup.zsh
[4.236s] -- Installing: /home/amr/amr_ws/src/install/amr_description/share/amr_description/local_setup.dsv
[4.236s] -- Installing: /home/amr/amr_ws/src/install/amr_description/share/amr_description/package.dsv
[4.236s] -- Installing: /home/amr/amr_ws/src/install/amr_description/share/ament_index/resource_index/packages/amr_description
[4.236s] -- Installing: /home/amr/amr_ws/src/install/amr_description/share/amr_description/cmake/amr_descriptionConfig.cmake
[4.237s] -- Installing: /home/amr/amr_ws/src/install/amr_description/share/amr_description/cmake/amr_descriptionConfig-version.cmake
[4.237s] -- Installing: /home/amr/amr_ws/src/install/amr_description/share/amr_description/package.xml
[4.241s] Invoked command in '/home/amr/amr_ws/src/build/amr_description' returned '0': CMAKE_PREFIX_PATH=${CMAKE_PREFIX_PATH}:/home/amr/turtlebot3_ws/install/turtlebot3_teleop:/home/amr/turtlebot3_ws/install/turtlebot3_example:/home/amr/ros2_ws/install/teleop_twist_keyboard:/opt/ros/jazzy DEBUGINFOD_URLS=https://debuginfod.ubuntu.com /usr/bin/cmake --install /home/amr/amr_ws/src/build/amr_description
