[0.042s] Invoking command in '/home/amr/amr_ws/build/amr_description': CMAKE_PREFIX_PATH=${CMAKE_PREFIX_PATH}:/home/amr/turtlebot3_ws/install/turtlebot3_teleop:/home/amr/turtlebot3_ws/install/turtlebot3_example:/home/amr/ros2_ws/install/teleop_twist_keyboard:/opt/ros/jazzy DEBUGINFOD_URLS=https://debuginfod.ubuntu.com /usr/bin/cmake --build /home/amr/amr_ws/build/amr_description -- -j4 -l4
[0.257s] Invoked command in '/home/amr/amr_ws/build/amr_description' returned '0': CMAKE_PREFIX_PATH=${CMAKE_PREFIX_PATH}:/home/amr/turtlebot3_ws/install/turtlebot3_teleop:/home/amr/turtlebot3_ws/install/turtlebot3_example:/home/amr/ros2_ws/install/teleop_twist_keyboard:/opt/ros/jazzy DEBUGINFOD_URLS=https://debuginfod.ubuntu.com /usr/bin/cmake --build /home/amr/amr_ws/build/amr_description -- -j4 -l4
[0.260s] Invoking command in '/home/amr/amr_ws/build/amr_description': CMAKE_PREFIX_PATH=${CMAKE_PREFIX_PATH}:/home/amr/turtlebot3_ws/install/turtlebot3_teleop:/home/amr/turtlebot3_ws/install/turtlebot3_example:/home/amr/ros2_ws/install/teleop_twist_keyboard:/opt/ros/jazzy DEBUGINFOD_URLS=https://debuginfod.ubuntu.com /usr/bin/cmake --install /home/amr/amr_ws/build/amr_description
[0.275s] -- Install configuration: ""
[0.276s] -- Execute custom install script
[0.279s] -- Up-to-date symlink: /home/amr/amr_ws/install/amr_description/share/amr_description//launch/view_robot.launch.py
[0.280s] -- Up-to-date symlink: /home/amr/amr_ws/install/amr_description/share/amr_description//launch/view_xacro_robot.launch.py
[0.281s] -- Up-to-date symlink: /home/amr/amr_ws/install/amr_description/share/amr_description/meshes/amr.stl
[0.281s] -- Up-to-date symlink: /home/amr/amr_ws/install/amr_description/share/amr_description/meshes/camera.stl
[0.282s] -- Up-to-date symlink: /home/amr/amr_ws/install/amr_description/share/amr_description/meshes/hcsr04.stl
[0.283s] -- Up-to-date symlink: /home/amr/amr_ws/install/amr_description/share/amr_description/meshes/lidar.stl
[0.283s] -- Up-to-date symlink: /home/amr/amr_ws/install/amr_description/share/amr_description/rviz/amr.rviz
[0.283s] -- Up-to-date symlink: /home/amr/amr_ws/install/amr_description/share/ament_index/resource_index/package_run_dependencies/amr_description
[0.284s] -- Up-to-date symlink: /home/amr/amr_ws/install/amr_description/share/ament_index/resource_index/parent_prefix_path/amr_description
[0.285s] -- Up-to-date symlink: /home/amr/amr_ws/install/amr_description/share/amr_description/environment/ament_prefix_path.sh
[0.285s] -- Up-to-date symlink: /home/amr/amr_ws/install/amr_description/share/amr_description/environment/ament_prefix_path.dsv
[0.286s] -- Up-to-date symlink: /home/amr/amr_ws/install/amr_description/share/amr_description/environment/path.sh
[0.287s] -- Up-to-date symlink: /home/amr/amr_ws/install/amr_description/share/amr_description/environment/path.dsv
[0.287s] -- Up-to-date symlink: /home/amr/amr_ws/install/amr_description/share/amr_description/local_setup.bash
[0.288s] -- Up-to-date symlink: /home/amr/amr_ws/install/amr_description/share/amr_description/local_setup.sh
[0.288s] -- Up-to-date symlink: /home/amr/amr_ws/install/amr_description/share/amr_description/local_setup.zsh
[0.289s] -- Up-to-date symlink: /home/amr/amr_ws/install/amr_description/share/amr_description/local_setup.dsv
[0.289s] -- Symlinking: /home/amr/amr_ws/install/amr_description/share/amr_description/package.dsv
[0.311s] -- Up-to-date symlink: /home/amr/amr_ws/install/amr_description/share/ament_index/resource_index/packages/amr_description
[0.312s] -- Up-to-date symlink: /home/amr/amr_ws/install/amr_description/share/amr_description/cmake/amr_descriptionConfig.cmake
[0.312s] -- Up-to-date symlink: /home/amr/amr_ws/install/amr_description/share/amr_description/cmake/amr_descriptionConfig-version.cmake
[0.313s] -- Up-to-date symlink: /home/amr/amr_ws/install/amr_description/share/amr_description/package.xml
[0.313s] -- Up-to-date: /home/amr/amr_ws/install/amr_description/share/amr_description/urdf
[0.313s] -- Up-to-date: /home/amr/amr_ws/install/amr_description/share/amr_description/urdf/sensors
[0.314s] -- Up-to-date: /home/amr/amr_ws/install/amr_description/share/amr_description/urdf/sensors/lidar.xacro
[0.314s] -- Installing: /home/amr/amr_ws/install/amr_description/share/amr_description/urdf/sensors/camera.xacro
[0.314s] -- Up-to-date: /home/amr/amr_ws/install/amr_description/share/amr_description/urdf/sensors/ultrasonic_sensors.xacro
[0.315s] -- Up-to-date: /home/amr/amr_ws/install/amr_description/share/amr_description/urdf/sensors/imu.xacro
[0.315s] -- Up-to-date: /home/amr/amr_ws/install/amr_description/share/amr_description/urdf/meca
[0.315s] -- Up-to-date: /home/amr/amr_ws/install/amr_description/share/amr_description/urdf/meca/wheel.xacro
[0.315s] -- Up-to-date: /home/amr/amr_ws/install/amr_description/share/amr_description/urdf/meca/base.xacro
[0.316s] -- Up-to-date: /home/amr/amr_ws/install/amr_description/share/amr_description/urdf/control
[0.316s] -- Up-to-date: /home/amr/amr_ws/install/amr_description/share/amr_description/urdf/robot
[0.316s] -- Installing: /home/amr/amr_ws/install/amr_description/share/amr_description/urdf/robot/main_robot.xacro
[0.347s] Invoked command in '/home/amr/amr_ws/build/amr_description' returned '0': CMAKE_PREFIX_PATH=${CMAKE_PREFIX_PATH}:/home/amr/turtlebot3_ws/install/turtlebot3_teleop:/home/amr/turtlebot3_ws/install/turtlebot3_example:/home/amr/ros2_ws/install/teleop_twist_keyboard:/opt/ros/jazzy DEBUGINFOD_URLS=https://debuginfod.ubuntu.com /usr/bin/cmake --install /home/amr/amr_ws/build/amr_description
