[0.032s] Invoking command in '/home/amr/amr_ws/build/amr_simulation': CMAKE_PREFIX_PATH=${CMAKE_PREFIX_PATH}:/home/amr/turtlebot3_ws/install/turtlebot3_teleop:/home/amr/turtlebot3_ws/install/turtlebot3_example:/home/amr/ros2_ws/install/teleop_twist_keyboard:/opt/ros/jazzy DEBUGINFOD_URLS=https://debuginfod.ubuntu.com /usr/bin/cmake /home/amr/amr_ws/src/amr_simulation -DAMENT_CMAKE_SYMLINK_INSTALL=1 -DCMAKE_INSTALL_PREFIX=/home/amr/amr_ws/install/amr_simulation
[0.100s] -- Found ament_cmake: 2.5.4 (/opt/ros/jazzy/share/ament_cmake/cmake)
[0.523s] -- Override CMake install command with custom implementation using symlinks instead of copying resources
[0.549s] -- Found ament_lint_auto: 0.17.2 (/opt/ros/jazzy/share/ament_lint_auto/cmake)
[0.761s] -- Added test 'flake8' to check Python code syntax and style conventions
[0.762s] -- Configured 'flake8' exclude dirs and/or files: 
[0.762s] -- Added test 'lint_cmake' to check CMake code style
[0.763s] -- Added test 'pep257' to check Python code against some of the docstring style conventions in PEP 257
[0.766s] -- Added test 'xmllint' to check XML markup files
[0.769s] -- Configuring done (0.7s)
[0.782s] -- Generating done (0.0s)
[0.787s] -- Build files have been written to: /home/amr/amr_ws/build/amr_simulation
[0.793s] Invoked command in '/home/amr/amr_ws/build/amr_simulation' returned '0': CMAKE_PREFIX_PATH=${CMAKE_PREFIX_PATH}:/home/amr/turtlebot3_ws/install/turtlebot3_teleop:/home/amr/turtlebot3_ws/install/turtlebot3_example:/home/amr/ros2_ws/install/teleop_twist_keyboard:/opt/ros/jazzy DEBUGINFOD_URLS=https://debuginfod.ubuntu.com /usr/bin/cmake /home/amr/amr_ws/src/amr_simulation -DAMENT_CMAKE_SYMLINK_INSTALL=1 -DCMAKE_INSTALL_PREFIX=/home/amr/amr_ws/install/amr_simulation
[0.796s] Invoking command in '/home/amr/amr_ws/build/amr_simulation': CMAKE_PREFIX_PATH=${CMAKE_PREFIX_PATH}:/home/amr/turtlebot3_ws/install/turtlebot3_teleop:/home/amr/turtlebot3_ws/install/turtlebot3_example:/home/amr/ros2_ws/install/teleop_twist_keyboard:/opt/ros/jazzy DEBUGINFOD_URLS=https://debuginfod.ubuntu.com /usr/bin/cmake --build /home/amr/amr_ws/build/amr_simulation -- -j4 -l4
[0.868s] Invoked command in '/home/amr/amr_ws/build/amr_simulation' returned '0': CMAKE_PREFIX_PATH=${CMAKE_PREFIX_PATH}:/home/amr/turtlebot3_ws/install/turtlebot3_teleop:/home/amr/turtlebot3_ws/install/turtlebot3_example:/home/amr/ros2_ws/install/teleop_twist_keyboard:/opt/ros/jazzy DEBUGINFOD_URLS=https://debuginfod.ubuntu.com /usr/bin/cmake --build /home/amr/amr_ws/build/amr_simulation -- -j4 -l4
[0.890s] Invoking command in '/home/amr/amr_ws/build/amr_simulation': CMAKE_PREFIX_PATH=${CMAKE_PREFIX_PATH}:/home/amr/turtlebot3_ws/install/turtlebot3_teleop:/home/amr/turtlebot3_ws/install/turtlebot3_example:/home/amr/ros2_ws/install/teleop_twist_keyboard:/opt/ros/jazzy DEBUGINFOD_URLS=https://debuginfod.ubuntu.com /usr/bin/cmake --install /home/amr/amr_ws/build/amr_simulation
[0.905s] -- Install configuration: ""
[0.905s] -- Execute custom install script
[0.907s] -- Up-to-date symlink: /home/amr/amr_ws/install/amr_simulation/share/amr_simulation//launch/spawn_robot.launch.py
[0.908s] -- Up-to-date symlink: /home/amr/amr_ws/install/amr_simulation/share/amr_simulation//launch/world.launch.py
[0.908s] -- Up-to-date symlink: /home/amr/amr_ws/install/amr_simulation/share/amr_simulation/worlds/world_test.sdf
[0.909s] -- Up-to-date symlink: /home/amr/amr_ws/install/amr_simulation/share/ament_index/resource_index/package_run_dependencies/amr_simulation
[0.910s] -- Up-to-date symlink: /home/amr/amr_ws/install/amr_simulation/share/ament_index/resource_index/parent_prefix_path/amr_simulation
[0.910s] -- Up-to-date symlink: /home/amr/amr_ws/install/amr_simulation/share/amr_simulation/environment/ament_prefix_path.sh
[0.911s] -- Up-to-date symlink: /home/amr/amr_ws/install/amr_simulation/share/amr_simulation/environment/ament_prefix_path.dsv
[0.911s] -- Up-to-date symlink: /home/amr/amr_ws/install/amr_simulation/share/amr_simulation/environment/path.sh
[0.912s] -- Up-to-date symlink: /home/amr/amr_ws/install/amr_simulation/share/amr_simulation/environment/path.dsv
[0.912s] -- Up-to-date symlink: /home/amr/amr_ws/install/amr_simulation/share/amr_simulation/local_setup.bash
[0.913s] -- Up-to-date symlink: /home/amr/amr_ws/install/amr_simulation/share/amr_simulation/local_setup.sh
[0.913s] -- Up-to-date symlink: /home/amr/amr_ws/install/amr_simulation/share/amr_simulation/local_setup.zsh
[0.913s] -- Up-to-date symlink: /home/amr/amr_ws/install/amr_simulation/share/amr_simulation/local_setup.dsv
[0.914s] -- Symlinking: /home/amr/amr_ws/install/amr_simulation/share/amr_simulation/package.dsv
[0.930s] -- Up-to-date symlink: /home/amr/amr_ws/install/amr_simulation/share/ament_index/resource_index/packages/amr_simulation
[0.931s] -- Up-to-date symlink: /home/amr/amr_ws/install/amr_simulation/share/amr_simulation/cmake/amr_simulationConfig.cmake
[0.931s] -- Up-to-date symlink: /home/amr/amr_ws/install/amr_simulation/share/amr_simulation/cmake/amr_simulationConfig-version.cmake
[0.932s] -- Up-to-date symlink: /home/amr/amr_ws/install/amr_simulation/share/amr_simulation/package.xml
[0.935s] Invoked command in '/home/amr/amr_ws/build/amr_simulation' returned '0': CMAKE_PREFIX_PATH=${CMAKE_PREFIX_PATH}:/home/amr/turtlebot3_ws/install/turtlebot3_teleop:/home/amr/turtlebot3_ws/install/turtlebot3_example:/home/amr/ros2_ws/install/teleop_twist_keyboard:/opt/ros/jazzy DEBUGINFOD_URLS=https://debuginfod.ubuntu.com /usr/bin/cmake --install /home/amr/amr_ws/build/amr_simulation
