[0.202s] DEBUG:colcon:Command line arguments: ['/usr/bin/colcon', 'build']
[0.202s] DEBUG:colcon:Parsed command line arguments: Namespace(log_base=None, log_level=None, verb_name='build', build_base='build', install_base='install', merge_install=False, symlink_install=False, test_result_base=None, continue_on_error=False, executor='parallel', parallel_workers=4, event_handlers=None, ignore_user_meta=False, metas=['./colcon.meta'], base_paths=['.'], packages_ignore=None, packages_ignore_regex=None, paths=None, packages_up_to=None, packages_up_to_regex=None, packages_above=None, packages_above_and_dependencies=None, packages_above_depth=None, packages_select_by_dep=None, packages_skip_by_dep=None, packages_skip_up_to=None, packages_select_build_failed=False, packages_skip_build_finished=False, packages_select_test_failures=False, packages_skip_test_passed=False, packages_select=None, packages_skip=None, packages_select_regex=None, packages_skip_regex=None, packages_start=None, packages_end=None, allow_overriding=[], cmake_args=None, cmake_target=None, cmake_target_skip_unavailable=False, cmake_clean_cache=False, cmake_clean_first=False, cmake_force_configure=False, ament_cmake_args=None, catkin_cmake_args=None, catkin_skip_building_tests=False, mixin_files=None, mixin=None, verb_parser=<colcon_mixin.mixin.mixin_argument.MixinArgumentDecorator object at 0x7aae08e4cfb0>, verb_extension=<colcon_core.verb.build.BuildVerb object at 0x7aae08e4cc50>, main=<bound method BuildVerb.main of <colcon_core.verb.build.BuildVerb object at 0x7aae08e4cc50>>, mixin_verb=('build',))
[0.271s] Level 1:colcon.colcon_core.package_discovery:discover_packages(colcon_meta) check parameters
[0.271s] Level 1:colcon.colcon_core.package_discovery:discover_packages(recursive) check parameters
[0.271s] Level 1:colcon.colcon_core.package_discovery:discover_packages(ignore) check parameters
[0.272s] Level 1:colcon.colcon_core.package_discovery:discover_packages(path) check parameters
[0.272s] Level 1:colcon.colcon_core.package_discovery:discover_packages(colcon_meta) discover
[0.272s] Level 1:colcon.colcon_core.package_discovery:discover_packages(recursive) discover
[0.272s] INFO:colcon.colcon_core.package_discovery:Crawling recursively for packages in '/home/amr/amr_ws'
[0.272s] Level 1:colcon.colcon_core.package_identification:_identify(.) by extensions ['ignore', 'ignore_ament_install']
[0.272s] Level 1:colcon.colcon_core.package_identification:_identify(.) by extension 'ignore'
[0.272s] Level 1:colcon.colcon_core.package_identification:_identify(.) by extension 'ignore_ament_install'
[0.272s] Level 1:colcon.colcon_core.package_identification:_identify(.) by extensions ['colcon_pkg']
[0.272s] Level 1:colcon.colcon_core.package_identification:_identify(.) by extension 'colcon_pkg'
[0.272s] Level 1:colcon.colcon_core.package_identification:_identify(.) by extensions ['colcon_meta']
[0.272s] Level 1:colcon.colcon_core.package_identification:_identify(.) by extension 'colcon_meta'
[0.273s] Level 1:colcon.colcon_core.package_identification:_identify(.) by extensions ['ros']
[0.273s] Level 1:colcon.colcon_core.package_identification:_identify(.) by extension 'ros'
[0.318s] Level 1:colcon.colcon_core.package_identification:_identify(.) by extensions ['cmake', 'python']
[0.318s] Level 1:colcon.colcon_core.package_identification:_identify(.) by extension 'cmake'
[0.318s] Level 1:colcon.colcon_core.package_identification:_identify(.) by extension 'python'
[0.318s] Level 1:colcon.colcon_core.package_identification:_identify(.) by extensions ['python_setup_py']
[0.318s] Level 1:colcon.colcon_core.package_identification:_identify(.) by extension 'python_setup_py'
[0.318s] Level 1:colcon.colcon_core.package_identification:_identify(build) by extensions ['ignore', 'ignore_ament_install']
[0.319s] Level 1:colcon.colcon_core.package_identification:_identify(build) by extension 'ignore'
[0.319s] Level 1:colcon.colcon_core.package_identification:_identify(build) ignored
[0.319s] Level 1:colcon.colcon_core.package_identification:_identify(install) by extensions ['ignore', 'ignore_ament_install']
[0.319s] Level 1:colcon.colcon_core.package_identification:_identify(install) by extension 'ignore'
[0.319s] Level 1:colcon.colcon_core.package_identification:_identify(install) ignored
[0.319s] Level 1:colcon.colcon_core.package_identification:_identify(log) by extensions ['ignore', 'ignore_ament_install']
[0.319s] Level 1:colcon.colcon_core.package_identification:_identify(log) by extension 'ignore'
[0.320s] Level 1:colcon.colcon_core.package_identification:_identify(log) ignored
[0.320s] Level 1:colcon.colcon_core.package_identification:_identify(src) by extensions ['ignore', 'ignore_ament_install']
[0.320s] Level 1:colcon.colcon_core.package_identification:_identify(src) by extension 'ignore'
[0.320s] Level 1:colcon.colcon_core.package_identification:_identify(src) by extension 'ignore_ament_install'
[0.320s] Level 1:colcon.colcon_core.package_identification:_identify(src) by extensions ['colcon_pkg']
[0.320s] Level 1:colcon.colcon_core.package_identification:_identify(src) by extension 'colcon_pkg'
[0.320s] Level 1:colcon.colcon_core.package_identification:_identify(src) by extensions ['colcon_meta']
[0.320s] Level 1:colcon.colcon_core.package_identification:_identify(src) by extension 'colcon_meta'
[0.320s] Level 1:colcon.colcon_core.package_identification:_identify(src) by extensions ['ros']
[0.320s] Level 1:colcon.colcon_core.package_identification:_identify(src) by extension 'ros'
[0.321s] Level 1:colcon.colcon_core.package_identification:_identify(src) by extensions ['cmake', 'python']
[0.321s] Level 1:colcon.colcon_core.package_identification:_identify(src) by extension 'cmake'
[0.321s] Level 1:colcon.colcon_core.package_identification:_identify(src) by extension 'python'
[0.321s] Level 1:colcon.colcon_core.package_identification:_identify(src) by extensions ['python_setup_py']
[0.321s] Level 1:colcon.colcon_core.package_identification:_identify(src) by extension 'python_setup_py'
[0.321s] Level 1:colcon.colcon_core.package_identification:_identify(src/amr_description) by extensions ['ignore', 'ignore_ament_install']
[0.321s] Level 1:colcon.colcon_core.package_identification:_identify(src/amr_description) by extension 'ignore'
[0.321s] Level 1:colcon.colcon_core.package_identification:_identify(src/amr_description) by extension 'ignore_ament_install'
[0.321s] Level 1:colcon.colcon_core.package_identification:_identify(src/amr_description) by extensions ['colcon_pkg']
[0.321s] Level 1:colcon.colcon_core.package_identification:_identify(src/amr_description) by extension 'colcon_pkg'
[0.321s] Level 1:colcon.colcon_core.package_identification:_identify(src/amr_description) by extensions ['colcon_meta']
[0.322s] Level 1:colcon.colcon_core.package_identification:_identify(src/amr_description) by extension 'colcon_meta'
[0.322s] Level 1:colcon.colcon_core.package_identification:_identify(src/amr_description) by extensions ['ros']
[0.322s] Level 1:colcon.colcon_core.package_identification:_identify(src/amr_description) by extension 'ros'
[0.326s] DEBUG:colcon.colcon_core.package_identification:Package 'src/amr_description' with type 'ros.ament_cmake' and name 'amr_description'
[0.326s] Level 1:colcon.colcon_core.package_identification:_identify(src/amr_simulation) by extensions ['ignore', 'ignore_ament_install']
[0.326s] Level 1:colcon.colcon_core.package_identification:_identify(src/amr_simulation) by extension 'ignore'
[0.326s] Level 1:colcon.colcon_core.package_identification:_identify(src/amr_simulation) by extension 'ignore_ament_install'
[0.326s] Level 1:colcon.colcon_core.package_identification:_identify(src/amr_simulation) by extensions ['colcon_pkg']
[0.326s] Level 1:colcon.colcon_core.package_identification:_identify(src/amr_simulation) by extension 'colcon_pkg'
[0.326s] Level 1:colcon.colcon_core.package_identification:_identify(src/amr_simulation) by extensions ['colcon_meta']
[0.326s] Level 1:colcon.colcon_core.package_identification:_identify(src/amr_simulation) by extension 'colcon_meta'
[0.326s] Level 1:colcon.colcon_core.package_identification:_identify(src/amr_simulation) by extensions ['ros']
[0.327s] Level 1:colcon.colcon_core.package_identification:_identify(src/amr_simulation) by extension 'ros'
[0.327s] DEBUG:colcon.colcon_core.package_identification:Package 'src/amr_simulation' with type 'ros.ament_cmake' and name 'amr_simulation'
[0.327s] Level 1:colcon.colcon_core.package_identification:_identify(src/build) by extensions ['ignore', 'ignore_ament_install']
[0.328s] Level 1:colcon.colcon_core.package_identification:_identify(src/build) by extension 'ignore'
[0.328s] Level 1:colcon.colcon_core.package_identification:_identify(src/build) ignored
[0.328s] Level 1:colcon.colcon_core.package_identification:_identify(src/install) by extensions ['ignore', 'ignore_ament_install']
[0.328s] Level 1:colcon.colcon_core.package_identification:_identify(src/install) by extension 'ignore'
[0.328s] Level 1:colcon.colcon_core.package_identification:_identify(src/install) ignored
[0.328s] Level 1:colcon.colcon_core.package_identification:_identify(src/log) by extensions ['ignore', 'ignore_ament_install']
[0.328s] Level 1:colcon.colcon_core.package_identification:_identify(src/log) by extension 'ignore'
[0.328s] Level 1:colcon.colcon_core.package_identification:_identify(src/log) ignored
[0.329s] Level 1:colcon.colcon_core.package_discovery:discover_packages(recursive) using defaults
[0.329s] Level 1:colcon.colcon_core.package_discovery:discover_packages(ignore) discover
[0.329s] Level 1:colcon.colcon_core.package_discovery:discover_packages(ignore) using defaults
[0.329s] Level 1:colcon.colcon_core.package_discovery:discover_packages(path) discover
[0.329s] Level 1:colcon.colcon_core.package_discovery:discover_packages(path) using defaults
[0.360s] Level 1:colcon.colcon_core.package_discovery:discover_packages(prefix_path) check parameters
[0.360s] Level 1:colcon.colcon_core.package_discovery:discover_packages(prefix_path) discover
[0.364s] DEBUG:colcon.colcon_installed_package_information.package_discovery:Found 15 installed packages in /home/amr/turtlebot3_ws/install
[0.365s] DEBUG:colcon.colcon_installed_package_information.package_discovery:Found 4 installed packages in /home/amr/ros2_ws/install
[0.369s] DEBUG:colcon.colcon_installed_package_information.package_discovery:Found 388 installed packages in /opt/ros/jazzy
[0.372s] Level 1:colcon.colcon_core.package_discovery:discover_packages(prefix_path) using defaults
[0.474s] Level 5:colcon.colcon_core.verb:set package 'amr_description' build argument 'cmake_args' from command line to 'None'
[0.474s] Level 5:colcon.colcon_core.verb:set package 'amr_description' build argument 'cmake_target' from command line to 'None'
[0.474s] Level 5:colcon.colcon_core.verb:set package 'amr_description' build argument 'cmake_target_skip_unavailable' from command line to 'False'
[0.475s] Level 5:colcon.colcon_core.verb:set package 'amr_description' build argument 'cmake_clean_cache' from command line to 'False'
[0.475s] Level 5:colcon.colcon_core.verb:set package 'amr_description' build argument 'cmake_clean_first' from command line to 'False'
[0.475s] Level 5:colcon.colcon_core.verb:set package 'amr_description' build argument 'cmake_force_configure' from command line to 'False'
[0.475s] Level 5:colcon.colcon_core.verb:set package 'amr_description' build argument 'ament_cmake_args' from command line to 'None'
[0.475s] Level 5:colcon.colcon_core.verb:set package 'amr_description' build argument 'catkin_cmake_args' from command line to 'None'
[0.475s] Level 5:colcon.colcon_core.verb:set package 'amr_description' build argument 'catkin_skip_building_tests' from command line to 'False'
[0.475s] DEBUG:colcon.colcon_core.verb:Building package 'amr_description' with the following arguments: {'ament_cmake_args': None, 'build_base': '/home/amr/amr_ws/build/amr_description', 'catkin_cmake_args': None, 'catkin_skip_building_tests': False, 'cmake_args': None, 'cmake_clean_cache': False, 'cmake_clean_first': False, 'cmake_force_configure': False, 'cmake_target': None, 'cmake_target_skip_unavailable': False, 'install_base': '/home/amr/amr_ws/install/amr_description', 'merge_install': False, 'path': '/home/amr/amr_ws/src/amr_description', 'symlink_install': False, 'test_result_base': None}
[0.475s] Level 5:colcon.colcon_core.verb:set package 'amr_simulation' build argument 'cmake_args' from command line to 'None'
[0.475s] Level 5:colcon.colcon_core.verb:set package 'amr_simulation' build argument 'cmake_target' from command line to 'None'
[0.475s] Level 5:colcon.colcon_core.verb:set package 'amr_simulation' build argument 'cmake_target_skip_unavailable' from command line to 'False'
[0.475s] Level 5:colcon.colcon_core.verb:set package 'amr_simulation' build argument 'cmake_clean_cache' from command line to 'False'
[0.475s] Level 5:colcon.colcon_core.verb:set package 'amr_simulation' build argument 'cmake_clean_first' from command line to 'False'
[0.476s] Level 5:colcon.colcon_core.verb:set package 'amr_simulation' build argument 'cmake_force_configure' from command line to 'False'
[0.476s] Level 5:colcon.colcon_core.verb:set package 'amr_simulation' build argument 'ament_cmake_args' from command line to 'None'
[0.476s] Level 5:colcon.colcon_core.verb:set package 'amr_simulation' build argument 'catkin_cmake_args' from command line to 'None'
[0.476s] Level 5:colcon.colcon_core.verb:set package 'amr_simulation' build argument 'catkin_skip_building_tests' from command line to 'False'
[0.476s] DEBUG:colcon.colcon_core.verb:Building package 'amr_simulation' with the following arguments: {'ament_cmake_args': None, 'build_base': '/home/amr/amr_ws/build/amr_simulation', 'catkin_cmake_args': None, 'catkin_skip_building_tests': False, 'cmake_args': None, 'cmake_clean_cache': False, 'cmake_clean_first': False, 'cmake_force_configure': False, 'cmake_target': None, 'cmake_target_skip_unavailable': False, 'install_base': '/home/amr/amr_ws/install/amr_simulation', 'merge_install': False, 'path': '/home/amr/amr_ws/src/amr_simulation', 'symlink_install': False, 'test_result_base': None}
[0.476s] INFO:colcon.colcon_core.executor:Executing jobs using 'parallel' executor
[0.477s] DEBUG:colcon.colcon_parallel_executor.executor.parallel:run_until_complete
[0.477s] INFO:colcon.colcon_ros.task.ament_cmake.build:Building ROS package in '/home/amr/amr_ws/src/amr_description' with build type 'ament_cmake'
[0.478s] INFO:colcon.colcon_cmake.task.cmake.build:Building CMake package in '/home/amr/amr_ws/src/amr_description'
[0.482s] INFO:colcon.colcon_core.plugin_system:Skipping extension 'colcon_core.shell.bat': Not used on non-Windows systems
[0.482s] INFO:colcon.colcon_core.shell:Skip shell extension 'powershell' for command environment: Not usable outside of PowerShell
[0.482s] DEBUG:colcon.colcon_core.shell:Skip shell extension 'dsv' for command environment
[0.494s] INFO:colcon.colcon_ros.task.ament_cmake.build:Building ROS package in '/home/amr/amr_ws/src/amr_simulation' with build type 'ament_cmake'
[0.495s] INFO:colcon.colcon_cmake.task.cmake.build:Building CMake package in '/home/amr/amr_ws/src/amr_simulation'
[0.495s] INFO:colcon.colcon_core.shell:Skip shell extension 'powershell' for command environment: Not usable outside of PowerShell
[0.495s] DEBUG:colcon.colcon_core.shell:Skip shell extension 'dsv' for command environment
[0.514s] DEBUG:colcon.colcon_core.event_handler.log_command:Invoking command in '/home/amr/amr_ws/build/amr_description': CMAKE_PREFIX_PATH=${CMAKE_PREFIX_PATH}:/home/amr/turtlebot3_ws/install/turtlebot3_teleop:/home/amr/turtlebot3_ws/install/turtlebot3_example:/home/amr/ros2_ws/install/teleop_twist_keyboard:/opt/ros/jazzy DEBUGINFOD_URLS=https://debuginfod.ubuntu.com /usr/bin/cmake /home/amr/amr_ws/src/amr_description -DCMAKE_INSTALL_PREFIX=/home/amr/amr_ws/install/amr_description
[0.522s] DEBUG:colcon.colcon_core.event_handler.log_command:Invoking command in '/home/amr/amr_ws/build/amr_simulation': CMAKE_PREFIX_PATH=${CMAKE_PREFIX_PATH}:/home/amr/turtlebot3_ws/install/turtlebot3_teleop:/home/amr/turtlebot3_ws/install/turtlebot3_example:/home/amr/ros2_ws/install/teleop_twist_keyboard:/opt/ros/jazzy DEBUGINFOD_URLS=https://debuginfod.ubuntu.com /usr/bin/cmake /home/amr/amr_ws/src/amr_simulation -DCMAKE_INSTALL_PREFIX=/home/amr/amr_ws/install/amr_simulation
[1.237s] DEBUG:colcon.colcon_core.event_handler.log_command:Invoked command in '/home/amr/amr_ws/build/amr_simulation' returned '0': CMAKE_PREFIX_PATH=${CMAKE_PREFIX_PATH}:/home/amr/turtlebot3_ws/install/turtlebot3_teleop:/home/amr/turtlebot3_ws/install/turtlebot3_example:/home/amr/ros2_ws/install/teleop_twist_keyboard:/opt/ros/jazzy DEBUGINFOD_URLS=https://debuginfod.ubuntu.com /usr/bin/cmake /home/amr/amr_ws/src/amr_simulation -DCMAKE_INSTALL_PREFIX=/home/amr/amr_ws/install/amr_simulation
[1.240s] DEBUG:colcon.colcon_core.event_handler.log_command:Invoking command in '/home/amr/amr_ws/build/amr_simulation': CMAKE_PREFIX_PATH=${CMAKE_PREFIX_PATH}:/home/amr/turtlebot3_ws/install/turtlebot3_teleop:/home/amr/turtlebot3_ws/install/turtlebot3_example:/home/amr/ros2_ws/install/teleop_twist_keyboard:/opt/ros/jazzy DEBUGINFOD_URLS=https://debuginfod.ubuntu.com /usr/bin/cmake --build /home/amr/amr_ws/build/amr_simulation -- -j4 -l4
[1.312s] DEBUG:colcon.colcon_core.event_handler.log_command:Invoked command in '/home/amr/amr_ws/build/amr_simulation' returned '0': CMAKE_PREFIX_PATH=${CMAKE_PREFIX_PATH}:/home/amr/turtlebot3_ws/install/turtlebot3_teleop:/home/amr/turtlebot3_ws/install/turtlebot3_example:/home/amr/ros2_ws/install/teleop_twist_keyboard:/opt/ros/jazzy DEBUGINFOD_URLS=https://debuginfod.ubuntu.com /usr/bin/cmake --build /home/amr/amr_ws/build/amr_simulation -- -j4 -l4
[1.333s] DEBUG:colcon.colcon_core.event_handler.log_command:Invoking command in '/home/amr/amr_ws/build/amr_simulation': CMAKE_PREFIX_PATH=${CMAKE_PREFIX_PATH}:/home/amr/turtlebot3_ws/install/turtlebot3_teleop:/home/amr/turtlebot3_ws/install/turtlebot3_example:/home/amr/ros2_ws/install/teleop_twist_keyboard:/opt/ros/jazzy DEBUGINFOD_URLS=https://debuginfod.ubuntu.com /usr/bin/cmake --install /home/amr/amr_ws/build/amr_simulation
[1.660s] Level 1:colcon.colcon_core.environment:create_environment_scripts_only(amr_simulation)
[1.661s] DEBUG:colcon.colcon_core.event_handler.log_command:Invoked command in '/home/amr/amr_ws/build/amr_simulation' returned '0': CMAKE_PREFIX_PATH=${CMAKE_PREFIX_PATH}:/home/amr/turtlebot3_ws/install/turtlebot3_teleop:/home/amr/turtlebot3_ws/install/turtlebot3_example:/home/amr/ros2_ws/install/teleop_twist_keyboard:/opt/ros/jazzy DEBUGINFOD_URLS=https://debuginfod.ubuntu.com /usr/bin/cmake --install /home/amr/amr_ws/build/amr_simulation
[1.664s] Level 1:colcon.colcon_core.environment:checking '/home/amr/amr_ws/install/amr_simulation' for CMake module files
[1.665s] Level 1:colcon.colcon_core.environment:checking '/home/amr/amr_ws/install/amr_simulation' for CMake config files
[1.666s] Level 1:colcon.colcon_core.shell:create_environment_hook('amr_simulation', 'cmake_prefix_path')
[1.666s] INFO:colcon.colcon_core.shell:Creating environment hook '/home/amr/amr_ws/install/amr_simulation/share/amr_simulation/hook/cmake_prefix_path.ps1'
[1.667s] INFO:colcon.colcon_core.shell:Creating environment descriptor '/home/amr/amr_ws/install/amr_simulation/share/amr_simulation/hook/cmake_prefix_path.dsv'
[1.668s] INFO:colcon.colcon_core.shell:Creating environment hook '/home/amr/amr_ws/install/amr_simulation/share/amr_simulation/hook/cmake_prefix_path.sh'
[1.670s] Level 1:colcon.colcon_core.environment:checking '/home/amr/amr_ws/install/amr_simulation/bin'
[1.670s] Level 1:colcon.colcon_core.environment:checking '/home/amr/amr_ws/install/amr_simulation/lib/pkgconfig/amr_simulation.pc'
[1.670s] Level 1:colcon.colcon_core.environment:checking '/home/amr/amr_ws/install/amr_simulation/lib/python3.12/site-packages'
[1.671s] Level 1:colcon.colcon_core.environment:checking '/home/amr/amr_ws/install/amr_simulation/bin'
[1.671s] INFO:colcon.colcon_core.shell:Creating package script '/home/amr/amr_ws/install/amr_simulation/share/amr_simulation/package.ps1'
[1.672s] INFO:colcon.colcon_core.shell:Creating package descriptor '/home/amr/amr_ws/install/amr_simulation/share/amr_simulation/package.dsv'
[1.673s] INFO:colcon.colcon_core.shell:Creating package script '/home/amr/amr_ws/install/amr_simulation/share/amr_simulation/package.sh'
[1.675s] INFO:colcon.colcon_core.shell:Creating package script '/home/amr/amr_ws/install/amr_simulation/share/amr_simulation/package.bash'
[1.676s] INFO:colcon.colcon_core.shell:Creating package script '/home/amr/amr_ws/install/amr_simulation/share/amr_simulation/package.zsh'
[1.677s] Level 1:colcon.colcon_core.environment:create_file_with_runtime_dependencies(/home/amr/amr_ws/install/amr_simulation/share/colcon-core/packages/amr_simulation)
[1.678s] Level 1:colcon.colcon_core.environment:create_environment_scripts_only(amr_simulation)
[1.679s] Level 1:colcon.colcon_core.environment:checking '/home/amr/amr_ws/install/amr_simulation' for CMake module files
[1.679s] Level 1:colcon.colcon_core.environment:checking '/home/amr/amr_ws/install/amr_simulation' for CMake config files
[1.680s] Level 1:colcon.colcon_core.shell:create_environment_hook('amr_simulation', 'cmake_prefix_path')
[1.681s] INFO:colcon.colcon_core.shell:Creating environment hook '/home/amr/amr_ws/install/amr_simulation/share/amr_simulation/hook/cmake_prefix_path.ps1'
[1.682s] INFO:colcon.colcon_core.shell:Creating environment descriptor '/home/amr/amr_ws/install/amr_simulation/share/amr_simulation/hook/cmake_prefix_path.dsv'
[1.683s] INFO:colcon.colcon_core.shell:Creating environment hook '/home/amr/amr_ws/install/amr_simulation/share/amr_simulation/hook/cmake_prefix_path.sh'
[1.685s] Level 1:colcon.colcon_core.environment:checking '/home/amr/amr_ws/install/amr_simulation/bin'
[1.686s] Level 1:colcon.colcon_core.environment:checking '/home/amr/amr_ws/install/amr_simulation/lib/pkgconfig/amr_simulation.pc'
[1.687s] Level 1:colcon.colcon_core.environment:checking '/home/amr/amr_ws/install/amr_simulation/lib/python3.12/site-packages'
[1.687s] Level 1:colcon.colcon_core.environment:checking '/home/amr/amr_ws/install/amr_simulation/bin'
[1.688s] INFO:colcon.colcon_core.shell:Creating package script '/home/amr/amr_ws/install/amr_simulation/share/amr_simulation/package.ps1'
[1.689s] INFO:colcon.colcon_core.shell:Creating package descriptor '/home/amr/amr_ws/install/amr_simulation/share/amr_simulation/package.dsv'
[1.690s] INFO:colcon.colcon_core.shell:Creating package script '/home/amr/amr_ws/install/amr_simulation/share/amr_simulation/package.sh'
[1.691s] INFO:colcon.colcon_core.shell:Creating package script '/home/amr/amr_ws/install/amr_simulation/share/amr_simulation/package.bash'
[1.692s] INFO:colcon.colcon_core.shell:Creating package script '/home/amr/amr_ws/install/amr_simulation/share/amr_simulation/package.zsh'
[1.694s] Level 1:colcon.colcon_core.environment:create_file_with_runtime_dependencies(/home/amr/amr_ws/install/amr_simulation/share/colcon-core/packages/amr_simulation)
[2.203s] DEBUG:colcon.colcon_core.event_handler.log_command:Invoked command in '/home/amr/amr_ws/build/amr_description' returned '0': CMAKE_PREFIX_PATH=${CMAKE_PREFIX_PATH}:/home/amr/turtlebot3_ws/install/turtlebot3_teleop:/home/amr/turtlebot3_ws/install/turtlebot3_example:/home/amr/ros2_ws/install/teleop_twist_keyboard:/opt/ros/jazzy DEBUGINFOD_URLS=https://debuginfod.ubuntu.com /usr/bin/cmake /home/amr/amr_ws/src/amr_description -DCMAKE_INSTALL_PREFIX=/home/amr/amr_ws/install/amr_description
[2.205s] DEBUG:colcon.colcon_core.event_handler.log_command:Invoking command in '/home/amr/amr_ws/build/amr_description': CMAKE_PREFIX_PATH=${CMAKE_PREFIX_PATH}:/home/amr/turtlebot3_ws/install/turtlebot3_teleop:/home/amr/turtlebot3_ws/install/turtlebot3_example:/home/amr/ros2_ws/install/teleop_twist_keyboard:/opt/ros/jazzy DEBUGINFOD_URLS=https://debuginfod.ubuntu.com /usr/bin/cmake --build /home/amr/amr_ws/build/amr_description -- -j4 -l4
[2.278s] DEBUG:colcon.colcon_core.event_handler.log_command:Invoked command in '/home/amr/amr_ws/build/amr_description' returned '0': CMAKE_PREFIX_PATH=${CMAKE_PREFIX_PATH}:/home/amr/turtlebot3_ws/install/turtlebot3_teleop:/home/amr/turtlebot3_ws/install/turtlebot3_example:/home/amr/ros2_ws/install/teleop_twist_keyboard:/opt/ros/jazzy DEBUGINFOD_URLS=https://debuginfod.ubuntu.com /usr/bin/cmake --build /home/amr/amr_ws/build/amr_description -- -j4 -l4
[2.281s] DEBUG:colcon.colcon_core.event_handler.log_command:Invoking command in '/home/amr/amr_ws/build/amr_description': CMAKE_PREFIX_PATH=${CMAKE_PREFIX_PATH}:/home/amr/turtlebot3_ws/install/turtlebot3_teleop:/home/amr/turtlebot3_ws/install/turtlebot3_example:/home/amr/ros2_ws/install/teleop_twist_keyboard:/opt/ros/jazzy DEBUGINFOD_URLS=https://debuginfod.ubuntu.com /usr/bin/cmake --install /home/amr/amr_ws/build/amr_description
[2.670s] Level 1:colcon.colcon_core.environment:create_environment_scripts_only(amr_description)
[2.670s] Level 1:colcon.colcon_core.environment:checking '/home/amr/amr_ws/install/amr_description' for CMake module files
[2.671s] DEBUG:colcon.colcon_core.event_handler.log_command:Invoked command in '/home/amr/amr_ws/build/amr_description' returned '0': CMAKE_PREFIX_PATH=${CMAKE_PREFIX_PATH}:/home/amr/turtlebot3_ws/install/turtlebot3_teleop:/home/amr/turtlebot3_ws/install/turtlebot3_example:/home/amr/ros2_ws/install/teleop_twist_keyboard:/opt/ros/jazzy DEBUGINFOD_URLS=https://debuginfod.ubuntu.com /usr/bin/cmake --install /home/amr/amr_ws/build/amr_description
[2.672s] Level 1:colcon.colcon_core.environment:checking '/home/amr/amr_ws/install/amr_description' for CMake config files
[2.673s] Level 1:colcon.colcon_core.shell:create_environment_hook('amr_description', 'cmake_prefix_path')
[2.673s] INFO:colcon.colcon_core.shell:Creating environment hook '/home/amr/amr_ws/install/amr_description/share/amr_description/hook/cmake_prefix_path.ps1'
[2.674s] INFO:colcon.colcon_core.shell:Creating environment descriptor '/home/amr/amr_ws/install/amr_description/share/amr_description/hook/cmake_prefix_path.dsv'
[2.674s] INFO:colcon.colcon_core.shell:Creating environment hook '/home/amr/amr_ws/install/amr_description/share/amr_description/hook/cmake_prefix_path.sh'
[2.675s] Level 1:colcon.colcon_core.environment:checking '/home/amr/amr_ws/install/amr_description/bin'
[2.676s] Level 1:colcon.colcon_core.environment:checking '/home/amr/amr_ws/install/amr_description/lib/pkgconfig/amr_description.pc'
[2.676s] Level 1:colcon.colcon_core.environment:checking '/home/amr/amr_ws/install/amr_description/lib/python3.12/site-packages'
[2.676s] Level 1:colcon.colcon_core.environment:checking '/home/amr/amr_ws/install/amr_description/bin'
[2.677s] INFO:colcon.colcon_core.shell:Creating package script '/home/amr/amr_ws/install/amr_description/share/amr_description/package.ps1'
[2.678s] INFO:colcon.colcon_core.shell:Creating package descriptor '/home/amr/amr_ws/install/amr_description/share/amr_description/package.dsv'
[2.679s] INFO:colcon.colcon_core.shell:Creating package script '/home/amr/amr_ws/install/amr_description/share/amr_description/package.sh'
[2.679s] INFO:colcon.colcon_core.shell:Creating package script '/home/amr/amr_ws/install/amr_description/share/amr_description/package.bash'
[2.680s] INFO:colcon.colcon_core.shell:Creating package script '/home/amr/amr_ws/install/amr_description/share/amr_description/package.zsh'
[2.681s] Level 1:colcon.colcon_core.environment:create_file_with_runtime_dependencies(/home/amr/amr_ws/install/amr_description/share/colcon-core/packages/amr_description)
[2.682s] Level 1:colcon.colcon_core.environment:create_environment_scripts_only(amr_description)
[2.683s] Level 1:colcon.colcon_core.environment:checking '/home/amr/amr_ws/install/amr_description' for CMake module files
[2.684s] Level 1:colcon.colcon_core.environment:checking '/home/amr/amr_ws/install/amr_description' for CMake config files
[2.685s] Level 1:colcon.colcon_core.shell:create_environment_hook('amr_description', 'cmake_prefix_path')
[2.686s] INFO:colcon.colcon_core.shell:Creating environment hook '/home/amr/amr_ws/install/amr_description/share/amr_description/hook/cmake_prefix_path.ps1'
[2.688s] INFO:colcon.colcon_core.shell:Creating environment descriptor '/home/amr/amr_ws/install/amr_description/share/amr_description/hook/cmake_prefix_path.dsv'
[2.688s] INFO:colcon.colcon_core.shell:Creating environment hook '/home/amr/amr_ws/install/amr_description/share/amr_description/hook/cmake_prefix_path.sh'
[2.690s] Level 1:colcon.colcon_core.environment:checking '/home/amr/amr_ws/install/amr_description/bin'
[2.690s] Level 1:colcon.colcon_core.environment:checking '/home/amr/amr_ws/install/amr_description/lib/pkgconfig/amr_description.pc'
[2.690s] Level 1:colcon.colcon_core.environment:checking '/home/amr/amr_ws/install/amr_description/lib/python3.12/site-packages'
[2.691s] Level 1:colcon.colcon_core.environment:checking '/home/amr/amr_ws/install/amr_description/bin'
[2.691s] INFO:colcon.colcon_core.shell:Creating package script '/home/amr/amr_ws/install/amr_description/share/amr_description/package.ps1'
[2.692s] INFO:colcon.colcon_core.shell:Creating package descriptor '/home/amr/amr_ws/install/amr_description/share/amr_description/package.dsv'
[2.693s] INFO:colcon.colcon_core.shell:Creating package script '/home/amr/amr_ws/install/amr_description/share/amr_description/package.sh'
[2.694s] INFO:colcon.colcon_core.shell:Creating package script '/home/amr/amr_ws/install/amr_description/share/amr_description/package.bash'
[2.695s] INFO:colcon.colcon_core.shell:Creating package script '/home/amr/amr_ws/install/amr_description/share/amr_description/package.zsh'
[2.696s] Level 1:colcon.colcon_core.environment:create_file_with_runtime_dependencies(/home/amr/amr_ws/install/amr_description/share/colcon-core/packages/amr_description)
[2.696s] DEBUG:colcon.colcon_parallel_executor.executor.parallel:closing loop
[2.697s] DEBUG:colcon.colcon_parallel_executor.executor.parallel:loop closed
[2.697s] DEBUG:colcon.colcon_parallel_executor.executor.parallel:run_until_complete finished with '0'
[2.698s] DEBUG:colcon.colcon_core.event_reactor:joining thread
[2.723s] INFO:colcon.colcon_core.plugin_system:Skipping extension 'colcon_notification.desktop_notification.terminal_notifier': Not used on non-Darwin systems
[2.723s] INFO:colcon.colcon_core.plugin_system:Skipping extension 'colcon_notification.desktop_notification.win32': Not used on non-Windows systems
[2.723s] INFO:colcon.colcon_notification.desktop_notification:Sending desktop notification using 'notify2'
[2.754s] DEBUG:colcon.colcon_core.event_reactor:joined thread
[2.755s] INFO:colcon.colcon_core.shell:Creating prefix script '/home/amr/amr_ws/install/local_setup.ps1'
[2.758s] INFO:colcon.colcon_core.shell:Creating prefix util module '/home/amr/amr_ws/install/_local_setup_util_ps1.py'
[2.763s] INFO:colcon.colcon_core.shell:Creating prefix chain script '/home/amr/amr_ws/install/setup.ps1'
[2.768s] INFO:colcon.colcon_core.shell:Creating prefix script '/home/amr/amr_ws/install/local_setup.sh'
[2.770s] INFO:colcon.colcon_core.shell:Creating prefix util module '/home/amr/amr_ws/install/_local_setup_util_sh.py'
[2.772s] INFO:colcon.colcon_core.shell:Creating prefix chain script '/home/amr/amr_ws/install/setup.sh'
[2.777s] INFO:colcon.colcon_core.shell:Creating prefix script '/home/amr/amr_ws/install/local_setup.bash'
[2.778s] INFO:colcon.colcon_core.shell:Creating prefix chain script '/home/amr/amr_ws/install/setup.bash'
[2.781s] INFO:colcon.colcon_core.shell:Creating prefix script '/home/amr/amr_ws/install/local_setup.zsh'
[2.782s] INFO:colcon.colcon_core.shell:Creating prefix chain script '/home/amr/amr_ws/install/setup.zsh'
