[0.023s] Invoking command in '/home/amr/amr_ws/src/build/amr_simulation': CMAKE_PREFIX_PATH=${CMAKE_PREFIX_PATH}:/home/amr/turtlebot3_ws/install/turtlebot3_teleop:/home/amr/turtlebot3_ws/install/turtlebot3_example:/home/amr/ros2_ws/install/teleop_twist_keyboard:/opt/ros/jazzy DEBUGINFOD_URLS=https://debuginfod.ubuntu.com /usr/bin/cmake /home/amr/amr_ws/src/amr_simulation -DCMAKE_INSTALL_PREFIX=/home/amr/amr_ws/src/install/amr_simulation
[0.208s] -- The C compiler identification is GNU 13.3.0
[0.431s] -- The CXX compiler identification is GNU 13.3.0
[0.469s] -- Detecting C compiler ABI info
[0.645s] -- Detecting C compiler ABI info - done
[0.664s] -- Check for working C compiler: /usr/bin/cc - skipped
[0.665s] -- Detecting C compile features
[0.666s] -- Detecting C compile features - done
[0.689s] -- Detecting CXX compiler ABI info
[0.908s] -- Detecting CXX compiler ABI info - done
[0.940s] -- Check for working CXX compiler: /usr/bin/c++ - skipped
[0.941s] -- Detecting CXX compile features
[0.943s] -- Detecting CXX compile features - done
[0.967s] -- Found ament_cmake: 2.5.4 (/opt/ros/jazzy/share/ament_cmake/cmake)
[1.373s] -- Found Python3: /usr/bin/python3 (found version "3.12.3") found components: Interpreter 
[1.695s] -- Found ament_lint_auto: 0.17.2 (/opt/ros/jazzy/share/ament_lint_auto/cmake)
[1.962s] -- Added test 'flake8' to check Python code syntax and style conventions
[1.962s] -- Configured 'flake8' exclude dirs and/or files: 
[1.964s] -- Added test 'lint_cmake' to check CMake code style
[1.968s] -- Added test 'pep257' to check Python code against some of the docstring style conventions in PEP 257
[1.972s] -- Added test 'xmllint' to check XML markup files
[1.978s] -- Configuring done (1.9s)
[1.986s] -- Generating done (0.0s)
[1.992s] -- Build files have been written to: /home/amr/amr_ws/src/build/amr_simulation
[2.002s] Invoked command in '/home/amr/amr_ws/src/build/amr_simulation' returned '0': CMAKE_PREFIX_PATH=${CMAKE_PREFIX_PATH}:/home/amr/turtlebot3_ws/install/turtlebot3_teleop:/home/amr/turtlebot3_ws/install/turtlebot3_example:/home/amr/ros2_ws/install/teleop_twist_keyboard:/opt/ros/jazzy DEBUGINFOD_URLS=https://debuginfod.ubuntu.com /usr/bin/cmake /home/amr/amr_ws/src/amr_simulation -DCMAKE_INSTALL_PREFIX=/home/amr/amr_ws/src/install/amr_simulation
[2.004s] Invoking command in '/home/amr/amr_ws/src/build/amr_simulation': CMAKE_PREFIX_PATH=${CMAKE_PREFIX_PATH}:/home/amr/turtlebot3_ws/install/turtlebot3_teleop:/home/amr/turtlebot3_ws/install/turtlebot3_example:/home/amr/ros2_ws/install/teleop_twist_keyboard:/opt/ros/jazzy DEBUGINFOD_URLS=https://debuginfod.ubuntu.com /usr/bin/cmake --build /home/amr/amr_ws/src/build/amr_simulation -- -j4 -l4
[2.079s] Invoked command in '/home/amr/amr_ws/src/build/amr_simulation' returned '0': CMAKE_PREFIX_PATH=${CMAKE_PREFIX_PATH}:/home/amr/turtlebot3_ws/install/turtlebot3_teleop:/home/amr/turtlebot3_ws/install/turtlebot3_example:/home/amr/ros2_ws/install/teleop_twist_keyboard:/opt/ros/jazzy DEBUGINFOD_URLS=https://debuginfod.ubuntu.com /usr/bin/cmake --build /home/amr/amr_ws/src/build/amr_simulation -- -j4 -l4
[2.099s] Invoking command in '/home/amr/amr_ws/src/build/amr_simulation': CMAKE_PREFIX_PATH=${CMAKE_PREFIX_PATH}:/home/amr/turtlebot3_ws/install/turtlebot3_teleop:/home/amr/turtlebot3_ws/install/turtlebot3_example:/home/amr/ros2_ws/install/teleop_twist_keyboard:/opt/ros/jazzy DEBUGINFOD_URLS=https://debuginfod.ubuntu.com /usr/bin/cmake --install /home/amr/amr_ws/src/build/amr_simulation
[2.116s] -- Install configuration: ""
[2.116s] -- Installing: /home/amr/amr_ws/src/install/amr_simulation/share/amr_simulation//launch
[2.116s] -- Installing: /home/amr/amr_ws/src/install/amr_simulation/share/amr_simulation//launch/spawn_robot.launch.py
[2.117s] -- Installing: /home/amr/amr_ws/src/install/amr_simulation/share/amr_simulation//launch/world.launch.py
[2.117s] -- Installing: /home/amr/amr_ws/src/install/amr_simulation/share/amr_simulation/worlds
[2.117s] -- Installing: /home/amr/amr_ws/src/install/amr_simulation/share/amr_simulation/worlds/world_test.sdf
[2.118s] -- Installing: /home/amr/amr_ws/src/install/amr_simulation/share/ament_index/resource_index/package_run_dependencies/amr_simulation
[2.118s] -- Installing: /home/amr/amr_ws/src/install/amr_simulation/share/ament_index/resource_index/parent_prefix_path/amr_simulation
[2.119s] -- Installing: /home/amr/amr_ws/src/install/amr_simulation/share/amr_simulation/environment/ament_prefix_path.sh
[2.119s] -- Installing: /home/amr/amr_ws/src/install/amr_simulation/share/amr_simulation/environment/ament_prefix_path.dsv
[2.119s] -- Installing: /home/amr/amr_ws/src/install/amr_simulation/share/amr_simulation/environment/path.sh
[2.120s] -- Installing: /home/amr/amr_ws/src/install/amr_simulation/share/amr_simulation/environment/path.dsv
[2.120s] -- Installing: /home/amr/amr_ws/src/install/amr_simulation/share/amr_simulation/local_setup.bash
[2.121s] -- Installing: /home/amr/amr_ws/src/install/amr_simulation/share/amr_simulation/local_setup.sh
[2.121s] -- Installing: /home/amr/amr_ws/src/install/amr_simulation/share/amr_simulation/local_setup.zsh
[2.121s] -- Installing: /home/amr/amr_ws/src/install/amr_simulation/share/amr_simulation/local_setup.dsv
[2.121s] -- Installing: /home/amr/amr_ws/src/install/amr_simulation/share/amr_simulation/package.dsv
[2.122s] -- Installing: /home/amr/amr_ws/src/install/amr_simulation/share/ament_index/resource_index/packages/amr_simulation
[2.122s] -- Installing: /home/amr/amr_ws/src/install/amr_simulation/share/amr_simulation/cmake/amr_simulationConfig.cmake
[2.122s] -- Installing: /home/amr/amr_ws/src/install/amr_simulation/share/amr_simulation/cmake/amr_simulationConfig-version.cmake
[2.123s] -- Installing: /home/amr/amr_ws/src/install/amr_simulation/share/amr_simulation/package.xml
[2.127s] Invoked command in '/home/amr/amr_ws/src/build/amr_simulation' returned '0': CMAKE_PREFIX_PATH=${CMAKE_PREFIX_PATH}:/home/amr/turtlebot3_ws/install/turtlebot3_teleop:/home/amr/turtlebot3_ws/install/turtlebot3_example:/home/amr/ros2_ws/install/teleop_twist_keyboard:/opt/ros/jazzy DEBUGINFOD_URLS=https://debuginfod.ubuntu.com /usr/bin/cmake --install /home/amr/amr_ws/src/build/amr_simulation
