[0.026s] Invoking command in '/home/amr/amr_ws/build/amr_simulation': CMAKE_PREFIX_PATH=${CMAKE_PREFIX_PATH}:/home/amr/turtlebot3_ws/install/turtlebot3_teleop:/home/amr/turtlebot3_ws/install/turtlebot3_example:/home/amr/ros2_ws/install/teleop_twist_keyboard:/opt/ros/jazzy DEBUGINFOD_URLS=https://debuginfod.ubuntu.com /usr/bin/cmake --build /home/amr/amr_ws/build/amr_simulation -- -j4 -l4
[0.104s] Invoked command in '/home/amr/amr_ws/build/amr_simulation' returned '0': CMAKE_PREFIX_PATH=${CMAKE_PREFIX_PATH}:/home/amr/turtlebot3_ws/install/turtlebot3_teleop:/home/amr/turtlebot3_ws/install/turtlebot3_example:/home/amr/ros2_ws/install/teleop_twist_keyboard:/opt/ros/jazzy DEBUGINFOD_URLS=https://debuginfod.ubuntu.com /usr/bin/cmake --build /home/amr/amr_ws/build/amr_simulation -- -j4 -l4
[0.121s] Invoking command in '/home/amr/amr_ws/build/amr_simulation': CMAKE_PREFIX_PATH=${CMAKE_PREFIX_PATH}:/home/amr/turtlebot3_ws/install/turtlebot3_teleop:/home/amr/turtlebot3_ws/install/turtlebot3_example:/home/amr/ros2_ws/install/teleop_twist_keyboard:/opt/ros/jazzy DEBUGINFOD_URLS=https://debuginfod.ubuntu.com /usr/bin/cmake --install /home/amr/amr_ws/build/amr_simulation
[0.137s] -- Install configuration: ""
[0.138s] -- Execute custom install script
[0.139s] -- Up-to-date symlink: /home/amr/amr_ws/install/amr_simulation/share/amr_simulation//launch/spawn_robot.launch.py
[0.139s] -- Up-to-date symlink: /home/amr/amr_ws/install/amr_simulation/share/amr_simulation//launch/world.launch.py
[0.140s] -- Up-to-date symlink: /home/amr/amr_ws/install/amr_simulation/share/amr_simulation/worlds/world_test.sdf
[0.140s] -- Up-to-date symlink: /home/amr/amr_ws/install/amr_simulation/share/ament_index/resource_index/package_run_dependencies/amr_simulation
[0.140s] -- Up-to-date symlink: /home/amr/amr_ws/install/amr_simulation/share/ament_index/resource_index/parent_prefix_path/amr_simulation
[0.141s] -- Up-to-date symlink: /home/amr/amr_ws/install/amr_simulation/share/amr_simulation/environment/ament_prefix_path.sh
[0.141s] -- Up-to-date symlink: /home/amr/amr_ws/install/amr_simulation/share/amr_simulation/environment/ament_prefix_path.dsv
[0.142s] -- Up-to-date symlink: /home/amr/amr_ws/install/amr_simulation/share/amr_simulation/environment/path.sh
[0.142s] -- Up-to-date symlink: /home/amr/amr_ws/install/amr_simulation/share/amr_simulation/environment/path.dsv
[0.143s] -- Up-to-date symlink: /home/amr/amr_ws/install/amr_simulation/share/amr_simulation/local_setup.bash
[0.143s] -- Up-to-date symlink: /home/amr/amr_ws/install/amr_simulation/share/amr_simulation/local_setup.sh
[0.144s] -- Up-to-date symlink: /home/amr/amr_ws/install/amr_simulation/share/amr_simulation/local_setup.zsh
[0.144s] -- Up-to-date symlink: /home/amr/amr_ws/install/amr_simulation/share/amr_simulation/local_setup.dsv
[0.145s] -- Symlinking: /home/amr/amr_ws/install/amr_simulation/share/amr_simulation/package.dsv
[0.160s] -- Up-to-date symlink: /home/amr/amr_ws/install/amr_simulation/share/ament_index/resource_index/packages/amr_simulation
[0.161s] -- Up-to-date symlink: /home/amr/amr_ws/install/amr_simulation/share/amr_simulation/cmake/amr_simulationConfig.cmake
[0.161s] -- Up-to-date symlink: /home/amr/amr_ws/install/amr_simulation/share/amr_simulation/cmake/amr_simulationConfig-version.cmake
[0.162s] -- Up-to-date symlink: /home/amr/amr_ws/install/amr_simulation/share/amr_simulation/package.xml
[0.165s] Invoked command in '/home/amr/amr_ws/build/amr_simulation' returned '0': CMAKE_PREFIX_PATH=${CMAKE_PREFIX_PATH}:/home/amr/turtlebot3_ws/install/turtlebot3_teleop:/home/amr/turtlebot3_ws/install/turtlebot3_example:/home/amr/ros2_ws/install/teleop_twist_keyboard:/opt/ros/jazzy DEBUGINFOD_URLS=https://debuginfod.ubuntu.com /usr/bin/cmake --install /home/amr/amr_ws/build/amr_simulation
