[0.035s] Invoking command in '/home/amr/amr_ws/build/amr_description': CMAKE_PREFIX_PATH=${CMAKE_PREFIX_PATH}:/home/amr/turtlebot3_ws/install/turtlebot3_teleop:/home/amr/turtlebot3_ws/install/turtlebot3_example:/home/amr/ros2_ws/install/teleop_twist_keyboard:/opt/ros/jazzy DEBUGINFOD_URLS=https://debuginfod.ubuntu.com /usr/bin/cmake /home/amr/amr_ws/src/amr_description -DAMENT_CMAKE_SYMLINK_INSTALL=1 -DCMAKE_INSTALL_PREFIX=/home/amr/amr_ws/install/amr_description
[0.220s] -- The C compiler identification is GNU 13.3.0
[0.422s] -- The CXX compiler identification is GNU 13.3.0
[0.455s] -- Detecting C compiler ABI info
[0.628s] -- Detecting C compiler ABI info - done
[0.646s] -- Check for working C compiler: /usr/bin/cc - skipped
[0.649s] -- Detecting C compile features
[0.651s] -- Detecting C compile features - done
[0.670s] -- Detecting CXX compiler ABI info
[0.944s] -- Detecting CXX compiler ABI info - done
[0.970s] -- Check for working CXX compiler: /usr/bin/c++ - skipped
[0.971s] -- Detecting CXX compile features
[0.972s] -- Detecting CXX compile features - done
[0.998s] -- Found ament_cmake: 2.5.4 (/opt/ros/jazzy/share/ament_cmake/cmake)
[1.341s] -- Found Python3: /usr/bin/python3 (found version "3.12.3") found components: Interpreter 
[1.498s] -- Override CMake install command with custom implementation using symlinks instead of copying resources
[1.656s] -- Found rclcpp: 28.1.9 (/opt/ros/jazzy/share/rclcpp/cmake)
[1.801s] -- Found rosidl_generator_c: 4.6.5 (/opt/ros/jazzy/share/rosidl_generator_c/cmake)
[1.849s] -- Found rosidl_generator_cpp: 4.6.5 (/opt/ros/jazzy/share/rosidl_generator_cpp/cmake)
[1.919s] -- Using all available rosidl_typesupport_c: rosidl_typesupport_fastrtps_c;rosidl_typesupport_introspection_c
[2.016s] -- Using all available rosidl_typesupport_cpp: rosidl_typesupport_fastrtps_cpp;rosidl_typesupport_introspection_cpp
[2.348s] -- Found rmw_implementation_cmake: 7.3.2 (/opt/ros/jazzy/share/rmw_implementation_cmake/cmake)
[2.364s] -- Found rmw_fastrtps_cpp: 8.4.2 (/opt/ros/jazzy/share/rmw_fastrtps_cpp/cmake)
[2.578s] -- Found OpenSSL: /usr/lib/x86_64-linux-gnu/libcrypto.so (found version "3.0.13")  
[2.623s] -- Found FastRTPS: /opt/ros/jazzy/include (Required is at least version "2.13") 
[2.668s] -- Using RMW implementation 'rmw_fastrtps_cpp' as default
[2.876s] -- Found urdf: 2.10.0 (/opt/ros/jazzy/share/urdf/cmake)
[2.977s] -- Found xacro: 2.0.13 (/opt/ros/jazzy/share/xacro/cmake)
[2.986s] -- Found robot_state_publisher: 3.3.3 (/opt/ros/jazzy/share/robot_state_publisher/cmake)
[3.522s] -- Found ament_lint_auto: 0.17.2 (/opt/ros/jazzy/share/ament_lint_auto/cmake)
[3.762s] -- Added test 'flake8' to check Python code syntax and style conventions
[3.762s] -- Configured 'flake8' exclude dirs and/or files: 
[3.764s] -- Added test 'lint_cmake' to check CMake code style
[3.767s] -- Added test 'pep257' to check Python code against some of the docstring style conventions in PEP 257
[3.771s] -- Added test 'xmllint' to check XML markup files
[3.776s] -- Configuring done (3.7s)
[3.785s] -- Generating done (0.0s)
[3.790s] -- Build files have been written to: /home/amr/amr_ws/build/amr_description
[3.806s] Invoked command in '/home/amr/amr_ws/build/amr_description' returned '0': CMAKE_PREFIX_PATH=${CMAKE_PREFIX_PATH}:/home/amr/turtlebot3_ws/install/turtlebot3_teleop:/home/amr/turtlebot3_ws/install/turtlebot3_example:/home/amr/ros2_ws/install/teleop_twist_keyboard:/opt/ros/jazzy DEBUGINFOD_URLS=https://debuginfod.ubuntu.com /usr/bin/cmake /home/amr/amr_ws/src/amr_description -DAMENT_CMAKE_SYMLINK_INSTALL=1 -DCMAKE_INSTALL_PREFIX=/home/amr/amr_ws/install/amr_description
[3.808s] Invoking command in '/home/amr/amr_ws/build/amr_description': CMAKE_PREFIX_PATH=${CMAKE_PREFIX_PATH}:/home/amr/turtlebot3_ws/install/turtlebot3_teleop:/home/amr/turtlebot3_ws/install/turtlebot3_example:/home/amr/ros2_ws/install/teleop_twist_keyboard:/opt/ros/jazzy DEBUGINFOD_URLS=https://debuginfod.ubuntu.com /usr/bin/cmake --build /home/amr/amr_ws/build/amr_description -- -j4 -l4
[3.885s] Invoked command in '/home/amr/amr_ws/build/amr_description' returned '0': CMAKE_PREFIX_PATH=${CMAKE_PREFIX_PATH}:/home/amr/turtlebot3_ws/install/turtlebot3_teleop:/home/amr/turtlebot3_ws/install/turtlebot3_example:/home/amr/ros2_ws/install/teleop_twist_keyboard:/opt/ros/jazzy DEBUGINFOD_URLS=https://debuginfod.ubuntu.com /usr/bin/cmake --build /home/amr/amr_ws/build/amr_description -- -j4 -l4
[3.887s] Invoking command in '/home/amr/amr_ws/build/amr_description': CMAKE_PREFIX_PATH=${CMAKE_PREFIX_PATH}:/home/amr/turtlebot3_ws/install/turtlebot3_teleop:/home/amr/turtlebot3_ws/install/turtlebot3_example:/home/amr/ros2_ws/install/teleop_twist_keyboard:/opt/ros/jazzy DEBUGINFOD_URLS=https://debuginfod.ubuntu.com /usr/bin/cmake --install /home/amr/amr_ws/build/amr_description
[3.901s] -- Install configuration: ""
[3.902s] -- Execute custom install script
[3.902s] -- Symlinking: /home/amr/amr_ws/install/amr_description/share/amr_description//launch/view_robot.launch.py
[3.920s] -- Symlinking: /home/amr/amr_ws/install/amr_description/share/amr_description/meshes/test.stl
[3.936s] -- Symlinking: /home/amr/amr_ws/install/amr_description/share/ament_index/resource_index/package_run_dependencies/amr_description
[3.957s] -- Symlinking: /home/amr/amr_ws/install/amr_description/share/ament_index/resource_index/parent_prefix_path/amr_description
[3.973s] -- Symlinking: /home/amr/amr_ws/install/amr_description/share/amr_description/environment/ament_prefix_path.sh
[3.989s] -- Symlinking: /home/amr/amr_ws/install/amr_description/share/amr_description/environment/ament_prefix_path.dsv
[4.005s] -- Symlinking: /home/amr/amr_ws/install/amr_description/share/amr_description/environment/path.sh
[4.023s] -- Symlinking: /home/amr/amr_ws/install/amr_description/share/amr_description/environment/path.dsv
[4.038s] -- Symlinking: /home/amr/amr_ws/install/amr_description/share/amr_description/local_setup.bash
[4.054s] -- Symlinking: /home/amr/amr_ws/install/amr_description/share/amr_description/local_setup.sh
[4.070s] -- Symlinking: /home/amr/amr_ws/install/amr_description/share/amr_description/local_setup.zsh
[4.086s] -- Symlinking: /home/amr/amr_ws/install/amr_description/share/amr_description/local_setup.dsv
[4.102s] -- Symlinking: /home/amr/amr_ws/install/amr_description/share/amr_description/package.dsv
[4.120s] -- Symlinking: /home/amr/amr_ws/install/amr_description/share/ament_index/resource_index/packages/amr_description
[4.137s] -- Symlinking: /home/amr/amr_ws/install/amr_description/share/amr_description/cmake/amr_descriptionConfig.cmake
[4.155s] -- Symlinking: /home/amr/amr_ws/install/amr_description/share/amr_description/cmake/amr_descriptionConfig-version.cmake
[4.172s] -- Symlinking: /home/amr/amr_ws/install/amr_description/share/amr_description/package.xml
[4.189s] -- Installing: /home/amr/amr_ws/install/amr_description/share/amr_description/urdf
[4.189s] -- Installing: /home/amr/amr_ws/install/amr_description/share/amr_description/urdf/sensors
[4.190s] -- Installing: /home/amr/amr_ws/install/amr_description/share/amr_description/urdf/meca
[4.190s] -- Installing: /home/amr/amr_ws/install/amr_description/share/amr_description/urdf/control
[4.190s] -- Installing: /home/amr/amr_ws/install/amr_description/share/amr_description/urdf/robot
[4.193s] Invoked command in '/home/amr/amr_ws/build/amr_description' returned '0': CMAKE_PREFIX_PATH=${CMAKE_PREFIX_PATH}:/home/amr/turtlebot3_ws/install/turtlebot3_teleop:/home/amr/turtlebot3_ws/install/turtlebot3_example:/home/amr/ros2_ws/install/teleop_twist_keyboard:/opt/ros/jazzy DEBUGINFOD_URLS=https://debuginfod.ubuntu.com /usr/bin/cmake --install /home/amr/amr_ws/build/amr_description
