[0.033s] Invoking command in '/home/amr/amr_ws/build/amr_simulation': CMAKE_PREFIX_PATH=${CMAKE_PREFIX_PATH}:/home/amr/turtlebot3_ws/install/turtlebot3_teleop:/home/amr/turtlebot3_ws/install/turtlebot3_example:/home/amr/ros2_ws/install/teleop_twist_keyboard:/opt/ros/jazzy DEBUGINFOD_URLS=https://debuginfod.ubuntu.com /usr/bin/cmake --build /home/amr/amr_ws/build/amr_simulation -- -j4 -l4
[0.113s] Invoked command in '/home/amr/amr_ws/build/amr_simulation' returned '0': CMAKE_PREFIX_PATH=${CMAKE_PREFIX_PATH}:/home/amr/turtlebot3_ws/install/turtlebot3_teleop:/home/amr/turtlebot3_ws/install/turtlebot3_example:/home/amr/ros2_ws/install/teleop_twist_keyboard:/opt/ros/jazzy DEBUGINFOD_URLS=https://debuginfod.ubuntu.com /usr/bin/cmake --build /home/amr/amr_ws/build/amr_simulation -- -j4 -l4
[0.131s] Invoking command in '/home/amr/amr_ws/build/amr_simulation': CMAKE_PREFIX_PATH=${CMAKE_PREFIX_PATH}:/home/amr/turtlebot3_ws/install/turtlebot3_teleop:/home/amr/turtlebot3_ws/install/turtlebot3_example:/home/amr/ros2_ws/install/teleop_twist_keyboard:/opt/ros/jazzy DEBUGINFOD_URLS=https://debuginfod.ubuntu.com /usr/bin/cmake --install /home/amr/amr_ws/build/amr_simulation
[0.148s] -- Install configuration: ""
[0.150s] -- Execute custom install script
[0.152s] -- Up-to-date symlink: /home/amr/amr_ws/install/amr_simulation/share/amr_simulation//launch/spawn_robot.launch.py
[0.152s] -- Up-to-date symlink: /home/amr/amr_ws/install/amr_simulation/share/amr_simulation//launch/world.launch.py
[0.153s] -- Up-to-date symlink: /home/amr/amr_ws/install/amr_simulation/share/amr_simulation/worlds/world_test.sdf
[0.153s] -- Up-to-date symlink: /home/amr/amr_ws/install/amr_simulation/share/ament_index/resource_index/package_run_dependencies/amr_simulation
[0.154s] -- Up-to-date symlink: /home/amr/amr_ws/install/amr_simulation/share/ament_index/resource_index/parent_prefix_path/amr_simulation
[0.155s] -- Up-to-date symlink: /home/amr/amr_ws/install/amr_simulation/share/amr_simulation/environment/ament_prefix_path.sh
[0.155s] -- Up-to-date symlink: /home/amr/amr_ws/install/amr_simulation/share/amr_simulation/environment/ament_prefix_path.dsv
[0.156s] -- Up-to-date symlink: /home/amr/amr_ws/install/amr_simulation/share/amr_simulation/environment/path.sh
[0.157s] -- Up-to-date symlink: /home/amr/amr_ws/install/amr_simulation/share/amr_simulation/environment/path.dsv
[0.159s] -- Up-to-date symlink: /home/amr/amr_ws/install/amr_simulation/share/amr_simulation/local_setup.bash
[0.159s] -- Up-to-date symlink: /home/amr/amr_ws/install/amr_simulation/share/amr_simulation/local_setup.sh
[0.160s] -- Up-to-date symlink: /home/amr/amr_ws/install/amr_simulation/share/amr_simulation/local_setup.zsh
[0.160s] -- Up-to-date symlink: /home/amr/amr_ws/install/amr_simulation/share/amr_simulation/local_setup.dsv
[0.161s] -- Symlinking: /home/amr/amr_ws/install/amr_simulation/share/amr_simulation/package.dsv
[0.184s] -- Up-to-date symlink: /home/amr/amr_ws/install/amr_simulation/share/ament_index/resource_index/packages/amr_simulation
[0.184s] -- Up-to-date symlink: /home/amr/amr_ws/install/amr_simulation/share/amr_simulation/cmake/amr_simulationConfig.cmake
[0.185s] -- Up-to-date symlink: /home/amr/amr_ws/install/amr_simulation/share/amr_simulation/cmake/amr_simulationConfig-version.cmake
[0.186s] -- Up-to-date symlink: /home/amr/amr_ws/install/amr_simulation/share/amr_simulation/package.xml
[0.189s] Invoked command in '/home/amr/amr_ws/build/amr_simulation' returned '0': CMAKE_PREFIX_PATH=${CMAKE_PREFIX_PATH}:/home/amr/turtlebot3_ws/install/turtlebot3_teleop:/home/amr/turtlebot3_ws/install/turtlebot3_example:/home/amr/ros2_ws/install/teleop_twist_keyboard:/opt/ros/jazzy DEBUGINFOD_URLS=https://debuginfod.ubuntu.com /usr/bin/cmake --install /home/amr/amr_ws/build/amr_simulation
