-- Found ament_cmake: 2.5.4 (/opt/ros/jazzy/share/ament_cmake/cmake)
-- Override CMake install command with custom implementation using symlinks instead of copying resources
-- Found ament_lint_auto: 0.17.2 (/opt/ros/jazzy/share/ament_lint_auto/cmake)
-- Added test 'flake8' to check Python code syntax and style conventions
-- Configured 'flake8' exclude dirs and/or files: 
-- Added test 'lint_cmake' to check CMake code style
-- Added test 'pep257' to check Python code against some of the docstring style conventions in PEP 257
-- Added test 'xmllint' to check XML markup files
-- Configuring done (0.7s)
-- Generating done (0.0s)
-- Build files have been written to: /home/amr/amr_ws/build/amr_simulation
-- Install configuration: ""
-- Execute custom install script
-- Symlinking: /home/amr/amr_ws/install/amr_simulation/share/amr_simulation//launch/spawn_robot.launch.py
-- Symlinking: /home/amr/amr_ws/install/amr_simulation/share/amr_simulation//launch/world.launch.py
-- Symlinking: /home/amr/amr_ws/install/amr_simulation/share/amr_simulation/worlds/world_test.sdf
-- Symlinking: /home/amr/amr_ws/install/amr_simulation/share/ament_index/resource_index/package_run_dependencies/amr_simulation
-- Symlinking: /home/amr/amr_ws/install/amr_simulation/share/ament_index/resource_index/parent_prefix_path/amr_simulation
-- Symlinking: /home/amr/amr_ws/install/amr_simulation/share/amr_simulation/environment/ament_prefix_path.sh
-- Symlinking: /home/amr/amr_ws/install/amr_simulation/share/amr_simulation/environment/ament_prefix_path.dsv
-- Symlinking: /home/amr/amr_ws/install/amr_simulation/share/amr_simulation/environment/path.sh
-- Symlinking: /home/amr/amr_ws/install/amr_simulation/share/amr_simulation/environment/path.dsv
-- Symlinking: /home/amr/amr_ws/install/amr_simulation/share/amr_simulation/local_setup.bash
-- Symlinking: /home/amr/amr_ws/install/amr_simulation/share/amr_simulation/local_setup.sh
-- Symlinking: /home/amr/amr_ws/install/amr_simulation/share/amr_simulation/local_setup.zsh
-- Symlinking: /home/amr/amr_ws/install/amr_simulation/share/amr_simulation/local_setup.dsv
-- Symlinking: /home/amr/amr_ws/install/amr_simulation/share/amr_simulation/package.dsv
-- Symlinking: /home/amr/amr_ws/install/amr_simulation/share/ament_index/resource_index/packages/amr_simulation
-- Symlinking: /home/amr/amr_ws/install/amr_simulation/share/amr_simulation/cmake/amr_simulationConfig.cmake
-- Symlinking: /home/amr/amr_ws/install/amr_simulation/share/amr_simulation/cmake/amr_simulationConfig-version.cmake
-- Symlinking: /home/amr/amr_ws/install/amr_simulation/share/amr_simulation/package.xml
