[0.254s] DEBUG:colcon:Command line arguments: ['/usr/bin/colcon', 'build']
[0.255s] DEBUG:colcon:Parsed command line arguments: Namespace(log_base=None, log_level=None, verb_name='build', build_base='build', install_base='install', merge_install=False, symlink_install=False, test_result_base=None, continue_on_error=False, executor='parallel', parallel_workers=4, event_handlers=None, ignore_user_meta=False, metas=['./colcon.meta'], base_paths=['.'], packages_ignore=None, packages_ignore_regex=None, paths=None, packages_up_to=None, packages_up_to_regex=None, packages_above=None, packages_above_and_dependencies=None, packages_above_depth=None, packages_select_by_dep=None, packages_skip_by_dep=None, packages_skip_up_to=None, packages_select_build_failed=False, packages_skip_build_finished=False, packages_select_test_failures=False, packages_skip_test_passed=False, packages_select=None, packages_skip=None, packages_select_regex=None, packages_skip_regex=None, packages_start=None, packages_end=None, allow_overriding=[], cmake_args=None, cmake_target=None, cmake_target_skip_unavailable=False, cmake_clean_cache=False, cmake_clean_first=False, cmake_force_configure=False, ament_cmake_args=None, catkin_cmake_args=None, catkin_skip_building_tests=False, mixin_files=None, mixin=None, verb_parser=<colcon_mixin.mixin.mixin_argument.MixinArgumentDecorator object at 0x79a1a2ba0c80>, verb_extension=<colcon_core.verb.build.BuildVerb object at 0x79a1a2ba0a10>, main=<bound method BuildVerb.main of <colcon_core.verb.build.BuildVerb object at 0x79a1a2ba0a10>>, mixin_verb=('build',))
[0.351s] Level 1:colcon.colcon_core.package_discovery:discover_packages(colcon_meta) check parameters
[0.351s] Level 1:colcon.colcon_core.package_discovery:discover_packages(recursive) check parameters
[0.352s] Level 1:colcon.colcon_core.package_discovery:discover_packages(ignore) check parameters
[0.352s] Level 1:colcon.colcon_core.package_discovery:discover_packages(path) check parameters
[0.352s] Level 1:colcon.colcon_core.package_discovery:discover_packages(colcon_meta) discover
[0.352s] Level 1:colcon.colcon_core.package_discovery:discover_packages(recursive) discover
[0.352s] INFO:colcon.colcon_core.package_discovery:Crawling recursively for packages in '/home/amr/amr_ws/src'
[0.352s] Level 1:colcon.colcon_core.package_identification:_identify(.) by extensions ['ignore', 'ignore_ament_install']
[0.352s] Level 1:colcon.colcon_core.package_identification:_identify(.) by extension 'ignore'
[0.352s] Level 1:colcon.colcon_core.package_identification:_identify(.) by extension 'ignore_ament_install'
[0.352s] Level 1:colcon.colcon_core.package_identification:_identify(.) by extensions ['colcon_pkg']
[0.352s] Level 1:colcon.colcon_core.package_identification:_identify(.) by extension 'colcon_pkg'
[0.353s] Level 1:colcon.colcon_core.package_identification:_identify(.) by extensions ['colcon_meta']
[0.353s] Level 1:colcon.colcon_core.package_identification:_identify(.) by extension 'colcon_meta'
[0.353s] Level 1:colcon.colcon_core.package_identification:_identify(.) by extensions ['ros']
[0.353s] Level 1:colcon.colcon_core.package_identification:_identify(.) by extension 'ros'
[0.399s] Level 1:colcon.colcon_core.package_identification:_identify(.) by extensions ['cmake', 'python']
[0.399s] Level 1:colcon.colcon_core.package_identification:_identify(.) by extension 'cmake'
[0.399s] Level 1:colcon.colcon_core.package_identification:_identify(.) by extension 'python'
[0.399s] Level 1:colcon.colcon_core.package_identification:_identify(.) by extensions ['python_setup_py']
[0.399s] Level 1:colcon.colcon_core.package_identification:_identify(.) by extension 'python_setup_py'
[0.399s] Level 1:colcon.colcon_core.package_identification:_identify(amr_description) by extensions ['ignore', 'ignore_ament_install']
[0.399s] Level 1:colcon.colcon_core.package_identification:_identify(amr_description) by extension 'ignore'
[0.399s] Level 1:colcon.colcon_core.package_identification:_identify(amr_description) by extension 'ignore_ament_install'
[0.400s] Level 1:colcon.colcon_core.package_identification:_identify(amr_description) by extensions ['colcon_pkg']
[0.400s] Level 1:colcon.colcon_core.package_identification:_identify(amr_description) by extension 'colcon_pkg'
[0.400s] Level 1:colcon.colcon_core.package_identification:_identify(amr_description) by extensions ['colcon_meta']
[0.400s] Level 1:colcon.colcon_core.package_identification:_identify(amr_description) by extension 'colcon_meta'
[0.400s] Level 1:colcon.colcon_core.package_identification:_identify(amr_description) by extensions ['ros']
[0.400s] Level 1:colcon.colcon_core.package_identification:_identify(amr_description) by extension 'ros'
[0.405s] DEBUG:colcon.colcon_core.package_identification:Package 'amr_description' with type 'ros.ament_cmake' and name 'amr_description'
[0.405s] Level 1:colcon.colcon_core.package_identification:_identify(amr_simulation) by extensions ['ignore', 'ignore_ament_install']
[0.405s] Level 1:colcon.colcon_core.package_identification:_identify(amr_simulation) by extension 'ignore'
[0.405s] Level 1:colcon.colcon_core.package_identification:_identify(amr_simulation) by extension 'ignore_ament_install'
[0.406s] Level 1:colcon.colcon_core.package_identification:_identify(amr_simulation) by extensions ['colcon_pkg']
[0.406s] Level 1:colcon.colcon_core.package_identification:_identify(amr_simulation) by extension 'colcon_pkg'
[0.406s] Level 1:colcon.colcon_core.package_identification:_identify(amr_simulation) by extensions ['colcon_meta']
[0.406s] Level 1:colcon.colcon_core.package_identification:_identify(amr_simulation) by extension 'colcon_meta'
[0.406s] Level 1:colcon.colcon_core.package_identification:_identify(amr_simulation) by extensions ['ros']
[0.406s] Level 1:colcon.colcon_core.package_identification:_identify(amr_simulation) by extension 'ros'
[0.407s] DEBUG:colcon.colcon_core.package_identification:Package 'amr_simulation' with type 'ros.ament_cmake' and name 'amr_simulation'
[0.407s] Level 1:colcon.colcon_core.package_identification:_identify(build) by extensions ['ignore', 'ignore_ament_install']
[0.407s] Level 1:colcon.colcon_core.package_identification:_identify(build) by extension 'ignore'
[0.407s] Level 1:colcon.colcon_core.package_identification:_identify(build) ignored
[0.407s] Level 1:colcon.colcon_core.package_identification:_identify(install) by extensions ['ignore', 'ignore_ament_install']
[0.408s] Level 1:colcon.colcon_core.package_identification:_identify(install) by extension 'ignore'
[0.408s] Level 1:colcon.colcon_core.package_identification:_identify(install) ignored
[0.408s] Level 1:colcon.colcon_core.package_identification:_identify(log) by extensions ['ignore', 'ignore_ament_install']
[0.408s] Level 1:colcon.colcon_core.package_identification:_identify(log) by extension 'ignore'
[0.408s] Level 1:colcon.colcon_core.package_identification:_identify(log) ignored
[0.408s] Level 1:colcon.colcon_core.package_discovery:discover_packages(recursive) using defaults
[0.408s] Level 1:colcon.colcon_core.package_discovery:discover_packages(ignore) discover
[0.408s] Level 1:colcon.colcon_core.package_discovery:discover_packages(ignore) using defaults
[0.408s] Level 1:colcon.colcon_core.package_discovery:discover_packages(path) discover
[0.408s] Level 1:colcon.colcon_core.package_discovery:discover_packages(path) using defaults
[0.445s] Level 1:colcon.colcon_core.package_discovery:discover_packages(prefix_path) check parameters
[0.445s] Level 1:colcon.colcon_core.package_discovery:discover_packages(prefix_path) discover
[0.452s] DEBUG:colcon.colcon_installed_package_information.package_discovery:Found 15 installed packages in /home/amr/turtlebot3_ws/install
[0.453s] DEBUG:colcon.colcon_installed_package_information.package_discovery:Found 4 installed packages in /home/amr/ros2_ws/install
[0.456s] DEBUG:colcon.colcon_installed_package_information.package_discovery:Found 388 installed packages in /opt/ros/jazzy
[0.459s] Level 1:colcon.colcon_core.package_discovery:discover_packages(prefix_path) using defaults
[0.591s] Level 5:colcon.colcon_core.verb:set package 'amr_description' build argument 'cmake_args' from command line to 'None'
[0.591s] Level 5:colcon.colcon_core.verb:set package 'amr_description' build argument 'cmake_target' from command line to 'None'
[0.591s] Level 5:colcon.colcon_core.verb:set package 'amr_description' build argument 'cmake_target_skip_unavailable' from command line to 'False'
[0.591s] Level 5:colcon.colcon_core.verb:set package 'amr_description' build argument 'cmake_clean_cache' from command line to 'False'
[0.591s] Level 5:colcon.colcon_core.verb:set package 'amr_description' build argument 'cmake_clean_first' from command line to 'False'
[0.591s] Level 5:colcon.colcon_core.verb:set package 'amr_description' build argument 'cmake_force_configure' from command line to 'False'
[0.591s] Level 5:colcon.colcon_core.verb:set package 'amr_description' build argument 'ament_cmake_args' from command line to 'None'
[0.591s] Level 5:colcon.colcon_core.verb:set package 'amr_description' build argument 'catkin_cmake_args' from command line to 'None'
[0.591s] Level 5:colcon.colcon_core.verb:set package 'amr_description' build argument 'catkin_skip_building_tests' from command line to 'False'
[0.591s] DEBUG:colcon.colcon_core.verb:Building package 'amr_description' with the following arguments: {'ament_cmake_args': None, 'build_base': '/home/amr/amr_ws/src/build/amr_description', 'catkin_cmake_args': None, 'catkin_skip_building_tests': False, 'cmake_args': None, 'cmake_clean_cache': False, 'cmake_clean_first': False, 'cmake_force_configure': False, 'cmake_target': None, 'cmake_target_skip_unavailable': False, 'install_base': '/home/amr/amr_ws/src/install/amr_description', 'merge_install': False, 'path': '/home/amr/amr_ws/src/amr_description', 'symlink_install': False, 'test_result_base': None}
[0.592s] Level 5:colcon.colcon_core.verb:set package 'amr_simulation' build argument 'cmake_args' from command line to 'None'
[0.592s] Level 5:colcon.colcon_core.verb:set package 'amr_simulation' build argument 'cmake_target' from command line to 'None'
[0.592s] Level 5:colcon.colcon_core.verb:set package 'amr_simulation' build argument 'cmake_target_skip_unavailable' from command line to 'False'
[0.592s] Level 5:colcon.colcon_core.verb:set package 'amr_simulation' build argument 'cmake_clean_cache' from command line to 'False'
[0.592s] Level 5:colcon.colcon_core.verb:set package 'amr_simulation' build argument 'cmake_clean_first' from command line to 'False'
[0.592s] Level 5:colcon.colcon_core.verb:set package 'amr_simulation' build argument 'cmake_force_configure' from command line to 'False'
[0.592s] Level 5:colcon.colcon_core.verb:set package 'amr_simulation' build argument 'ament_cmake_args' from command line to 'None'
[0.592s] Level 5:colcon.colcon_core.verb:set package 'amr_simulation' build argument 'catkin_cmake_args' from command line to 'None'
[0.592s] Level 5:colcon.colcon_core.verb:set package 'amr_simulation' build argument 'catkin_skip_building_tests' from command line to 'False'
[0.592s] DEBUG:colcon.colcon_core.verb:Building package 'amr_simulation' with the following arguments: {'ament_cmake_args': None, 'build_base': '/home/amr/amr_ws/src/build/amr_simulation', 'catkin_cmake_args': None, 'catkin_skip_building_tests': False, 'cmake_args': None, 'cmake_clean_cache': False, 'cmake_clean_first': False, 'cmake_force_configure': False, 'cmake_target': None, 'cmake_target_skip_unavailable': False, 'install_base': '/home/amr/amr_ws/src/install/amr_simulation', 'merge_install': False, 'path': '/home/amr/amr_ws/src/amr_simulation', 'symlink_install': False, 'test_result_base': None}
[0.592s] INFO:colcon.colcon_core.executor:Executing jobs using 'parallel' executor
[0.594s] DEBUG:colcon.colcon_parallel_executor.executor.parallel:run_until_complete
[0.594s] INFO:colcon.colcon_ros.task.ament_cmake.build:Building ROS package in '/home/amr/amr_ws/src/amr_description' with build type 'ament_cmake'
[0.594s] INFO:colcon.colcon_cmake.task.cmake.build:Building CMake package in '/home/amr/amr_ws/src/amr_description'
[0.602s] INFO:colcon.colcon_core.plugin_system:Skipping extension 'colcon_core.shell.bat': Not used on non-Windows systems
[0.602s] INFO:colcon.colcon_core.shell:Skip shell extension 'powershell' for command environment: Not usable outside of PowerShell
[0.603s] DEBUG:colcon.colcon_core.shell:Skip shell extension 'dsv' for command environment
[0.613s] INFO:colcon.colcon_ros.task.ament_cmake.build:Building ROS package in '/home/amr/amr_ws/src/amr_simulation' with build type 'ament_cmake'
[0.613s] INFO:colcon.colcon_cmake.task.cmake.build:Building CMake package in '/home/amr/amr_ws/src/amr_simulation'
[0.613s] INFO:colcon.colcon_core.shell:Skip shell extension 'powershell' for command environment: Not usable outside of PowerShell
[0.614s] DEBUG:colcon.colcon_core.shell:Skip shell extension 'dsv' for command environment
[0.629s] DEBUG:colcon.colcon_core.event_handler.log_command:Invoking command in '/home/amr/amr_ws/src/build/amr_description': CMAKE_PREFIX_PATH=${CMAKE_PREFIX_PATH}:/home/amr/turtlebot3_ws/install/turtlebot3_teleop:/home/amr/turtlebot3_ws/install/turtlebot3_example:/home/amr/ros2_ws/install/teleop_twist_keyboard:/opt/ros/jazzy DEBUGINFOD_URLS=https://debuginfod.ubuntu.com /usr/bin/cmake /home/amr/amr_ws/src/amr_description -DCMAKE_INSTALL_PREFIX=/home/amr/amr_ws/src/install/amr_description
[0.637s] DEBUG:colcon.colcon_core.event_handler.log_command:Invoking command in '/home/amr/amr_ws/src/build/amr_simulation': CMAKE_PREFIX_PATH=${CMAKE_PREFIX_PATH}:/home/amr/turtlebot3_ws/install/turtlebot3_teleop:/home/amr/turtlebot3_ws/install/turtlebot3_example:/home/amr/ros2_ws/install/teleop_twist_keyboard:/opt/ros/jazzy DEBUGINFOD_URLS=https://debuginfod.ubuntu.com /usr/bin/cmake /home/amr/amr_ws/src/amr_simulation -DCMAKE_INSTALL_PREFIX=/home/amr/amr_ws/src/install/amr_simulation
[2.616s] DEBUG:colcon.colcon_core.event_handler.log_command:Invoked command in '/home/amr/amr_ws/src/build/amr_simulation' returned '0': CMAKE_PREFIX_PATH=${CMAKE_PREFIX_PATH}:/home/amr/turtlebot3_ws/install/turtlebot3_teleop:/home/amr/turtlebot3_ws/install/turtlebot3_example:/home/amr/ros2_ws/install/teleop_twist_keyboard:/opt/ros/jazzy DEBUGINFOD_URLS=https://debuginfod.ubuntu.com /usr/bin/cmake /home/amr/amr_ws/src/amr_simulation -DCMAKE_INSTALL_PREFIX=/home/amr/amr_ws/src/install/amr_simulation
[2.619s] DEBUG:colcon.colcon_core.event_handler.log_command:Invoking command in '/home/amr/amr_ws/src/build/amr_simulation': CMAKE_PREFIX_PATH=${CMAKE_PREFIX_PATH}:/home/amr/turtlebot3_ws/install/turtlebot3_teleop:/home/amr/turtlebot3_ws/install/turtlebot3_example:/home/amr/ros2_ws/install/teleop_twist_keyboard:/opt/ros/jazzy DEBUGINFOD_URLS=https://debuginfod.ubuntu.com /usr/bin/cmake --build /home/amr/amr_ws/src/build/amr_simulation -- -j4 -l4
[2.693s] DEBUG:colcon.colcon_core.event_handler.log_command:Invoked command in '/home/amr/amr_ws/src/build/amr_simulation' returned '0': CMAKE_PREFIX_PATH=${CMAKE_PREFIX_PATH}:/home/amr/turtlebot3_ws/install/turtlebot3_teleop:/home/amr/turtlebot3_ws/install/turtlebot3_example:/home/amr/ros2_ws/install/teleop_twist_keyboard:/opt/ros/jazzy DEBUGINFOD_URLS=https://debuginfod.ubuntu.com /usr/bin/cmake --build /home/amr/amr_ws/src/build/amr_simulation -- -j4 -l4
[2.713s] DEBUG:colcon.colcon_core.event_handler.log_command:Invoking command in '/home/amr/amr_ws/src/build/amr_simulation': CMAKE_PREFIX_PATH=${CMAKE_PREFIX_PATH}:/home/amr/turtlebot3_ws/install/turtlebot3_teleop:/home/amr/turtlebot3_ws/install/turtlebot3_example:/home/amr/ros2_ws/install/teleop_twist_keyboard:/opt/ros/jazzy DEBUGINFOD_URLS=https://debuginfod.ubuntu.com /usr/bin/cmake --install /home/amr/amr_ws/src/build/amr_simulation
[2.739s] Level 1:colcon.colcon_core.environment:create_environment_scripts_only(amr_simulation)
[2.741s] DEBUG:colcon.colcon_core.event_handler.log_command:Invoked command in '/home/amr/amr_ws/src/build/amr_simulation' returned '0': CMAKE_PREFIX_PATH=${CMAKE_PREFIX_PATH}:/home/amr/turtlebot3_ws/install/turtlebot3_teleop:/home/amr/turtlebot3_ws/install/turtlebot3_example:/home/amr/ros2_ws/install/teleop_twist_keyboard:/opt/ros/jazzy DEBUGINFOD_URLS=https://debuginfod.ubuntu.com /usr/bin/cmake --install /home/amr/amr_ws/src/build/amr_simulation
[2.749s] Level 1:colcon.colcon_core.environment:checking '/home/amr/amr_ws/src/install/amr_simulation' for CMake module files
[2.750s] Level 1:colcon.colcon_core.environment:checking '/home/amr/amr_ws/src/install/amr_simulation' for CMake config files
[2.750s] Level 1:colcon.colcon_core.shell:create_environment_hook('amr_simulation', 'cmake_prefix_path')
[2.750s] INFO:colcon.colcon_core.shell:Creating environment hook '/home/amr/amr_ws/src/install/amr_simulation/share/amr_simulation/hook/cmake_prefix_path.ps1'
[2.752s] INFO:colcon.colcon_core.shell:Creating environment descriptor '/home/amr/amr_ws/src/install/amr_simulation/share/amr_simulation/hook/cmake_prefix_path.dsv'
[2.752s] INFO:colcon.colcon_core.shell:Creating environment hook '/home/amr/amr_ws/src/install/amr_simulation/share/amr_simulation/hook/cmake_prefix_path.sh'
[2.754s] Level 1:colcon.colcon_core.environment:checking '/home/amr/amr_ws/src/install/amr_simulation/bin'
[2.754s] Level 1:colcon.colcon_core.environment:checking '/home/amr/amr_ws/src/install/amr_simulation/lib/pkgconfig/amr_simulation.pc'
[2.754s] Level 1:colcon.colcon_core.environment:checking '/home/amr/amr_ws/src/install/amr_simulation/lib/python3.12/site-packages'
[2.755s] Level 1:colcon.colcon_core.environment:checking '/home/amr/amr_ws/src/install/amr_simulation/bin'
[2.755s] INFO:colcon.colcon_core.shell:Creating package script '/home/amr/amr_ws/src/install/amr_simulation/share/amr_simulation/package.ps1'
[2.756s] INFO:colcon.colcon_core.shell:Creating package descriptor '/home/amr/amr_ws/src/install/amr_simulation/share/amr_simulation/package.dsv'
[2.757s] INFO:colcon.colcon_core.shell:Creating package script '/home/amr/amr_ws/src/install/amr_simulation/share/amr_simulation/package.sh'
[2.759s] INFO:colcon.colcon_core.shell:Creating package script '/home/amr/amr_ws/src/install/amr_simulation/share/amr_simulation/package.bash'
[2.760s] INFO:colcon.colcon_core.shell:Creating package script '/home/amr/amr_ws/src/install/amr_simulation/share/amr_simulation/package.zsh'
[2.761s] Level 1:colcon.colcon_core.environment:create_file_with_runtime_dependencies(/home/amr/amr_ws/src/install/amr_simulation/share/colcon-core/packages/amr_simulation)
[2.762s] Level 1:colcon.colcon_core.environment:create_environment_scripts_only(amr_simulation)
[2.762s] Level 1:colcon.colcon_core.environment:checking '/home/amr/amr_ws/src/install/amr_simulation' for CMake module files
[2.764s] Level 1:colcon.colcon_core.environment:checking '/home/amr/amr_ws/src/install/amr_simulation' for CMake config files
[2.765s] Level 1:colcon.colcon_core.shell:create_environment_hook('amr_simulation', 'cmake_prefix_path')
[2.765s] INFO:colcon.colcon_core.shell:Creating environment hook '/home/amr/amr_ws/src/install/amr_simulation/share/amr_simulation/hook/cmake_prefix_path.ps1'
[2.766s] INFO:colcon.colcon_core.shell:Creating environment descriptor '/home/amr/amr_ws/src/install/amr_simulation/share/amr_simulation/hook/cmake_prefix_path.dsv'
[2.767s] INFO:colcon.colcon_core.shell:Creating environment hook '/home/amr/amr_ws/src/install/amr_simulation/share/amr_simulation/hook/cmake_prefix_path.sh'
[2.768s] Level 1:colcon.colcon_core.environment:checking '/home/amr/amr_ws/src/install/amr_simulation/bin'
[2.768s] Level 1:colcon.colcon_core.environment:checking '/home/amr/amr_ws/src/install/amr_simulation/lib/pkgconfig/amr_simulation.pc'
[2.769s] Level 1:colcon.colcon_core.environment:checking '/home/amr/amr_ws/src/install/amr_simulation/lib/python3.12/site-packages'
[2.770s] Level 1:colcon.colcon_core.environment:checking '/home/amr/amr_ws/src/install/amr_simulation/bin'
[2.770s] INFO:colcon.colcon_core.shell:Creating package script '/home/amr/amr_ws/src/install/amr_simulation/share/amr_simulation/package.ps1'
[2.772s] INFO:colcon.colcon_core.shell:Creating package descriptor '/home/amr/amr_ws/src/install/amr_simulation/share/amr_simulation/package.dsv'
[2.773s] INFO:colcon.colcon_core.shell:Creating package script '/home/amr/amr_ws/src/install/amr_simulation/share/amr_simulation/package.sh'
[2.774s] INFO:colcon.colcon_core.shell:Creating package script '/home/amr/amr_ws/src/install/amr_simulation/share/amr_simulation/package.bash'
[2.775s] INFO:colcon.colcon_core.shell:Creating package script '/home/amr/amr_ws/src/install/amr_simulation/share/amr_simulation/package.zsh'
[2.776s] Level 1:colcon.colcon_core.environment:create_file_with_runtime_dependencies(/home/amr/amr_ws/src/install/amr_simulation/share/colcon-core/packages/amr_simulation)
[4.434s] DEBUG:colcon.colcon_core.event_handler.log_command:Invoked command in '/home/amr/amr_ws/src/build/amr_description' returned '0': CMAKE_PREFIX_PATH=${CMAKE_PREFIX_PATH}:/home/amr/turtlebot3_ws/install/turtlebot3_teleop:/home/amr/turtlebot3_ws/install/turtlebot3_example:/home/amr/ros2_ws/install/teleop_twist_keyboard:/opt/ros/jazzy DEBUGINFOD_URLS=https://debuginfod.ubuntu.com /usr/bin/cmake /home/amr/amr_ws/src/amr_description -DCMAKE_INSTALL_PREFIX=/home/amr/amr_ws/src/install/amr_description
[4.436s] DEBUG:colcon.colcon_core.event_handler.log_command:Invoking command in '/home/amr/amr_ws/src/build/amr_description': CMAKE_PREFIX_PATH=${CMAKE_PREFIX_PATH}:/home/amr/turtlebot3_ws/install/turtlebot3_teleop:/home/amr/turtlebot3_ws/install/turtlebot3_example:/home/amr/ros2_ws/install/teleop_twist_keyboard:/opt/ros/jazzy DEBUGINFOD_URLS=https://debuginfod.ubuntu.com /usr/bin/cmake --build /home/amr/amr_ws/src/build/amr_description -- -j4 -l4
[4.508s] DEBUG:colcon.colcon_core.event_handler.log_command:Invoked command in '/home/amr/amr_ws/src/build/amr_description' returned '0': CMAKE_PREFIX_PATH=${CMAKE_PREFIX_PATH}:/home/amr/turtlebot3_ws/install/turtlebot3_teleop:/home/amr/turtlebot3_ws/install/turtlebot3_example:/home/amr/ros2_ws/install/teleop_twist_keyboard:/opt/ros/jazzy DEBUGINFOD_URLS=https://debuginfod.ubuntu.com /usr/bin/cmake --build /home/amr/amr_ws/src/build/amr_description -- -j4 -l4
[4.511s] DEBUG:colcon.colcon_core.event_handler.log_command:Invoking command in '/home/amr/amr_ws/src/build/amr_description': CMAKE_PREFIX_PATH=${CMAKE_PREFIX_PATH}:/home/amr/turtlebot3_ws/install/turtlebot3_teleop:/home/amr/turtlebot3_ws/install/turtlebot3_example:/home/amr/ros2_ws/install/teleop_twist_keyboard:/opt/ros/jazzy DEBUGINFOD_URLS=https://debuginfod.ubuntu.com /usr/bin/cmake --install /home/amr/amr_ws/src/build/amr_description
[4.834s] Level 1:colcon.colcon_core.environment:create_environment_scripts_only(amr_description)
[4.835s] Level 1:colcon.colcon_core.environment:checking '/home/amr/amr_ws/src/install/amr_description' for CMake module files
[4.835s] DEBUG:colcon.colcon_core.event_handler.log_command:Invoked command in '/home/amr/amr_ws/src/build/amr_description' returned '0': CMAKE_PREFIX_PATH=${CMAKE_PREFIX_PATH}:/home/amr/turtlebot3_ws/install/turtlebot3_teleop:/home/amr/turtlebot3_ws/install/turtlebot3_example:/home/amr/ros2_ws/install/teleop_twist_keyboard:/opt/ros/jazzy DEBUGINFOD_URLS=https://debuginfod.ubuntu.com /usr/bin/cmake --install /home/amr/amr_ws/src/build/amr_description
[4.836s] Level 1:colcon.colcon_core.environment:checking '/home/amr/amr_ws/src/install/amr_description' for CMake config files
[4.837s] Level 1:colcon.colcon_core.shell:create_environment_hook('amr_description', 'cmake_prefix_path')
[4.837s] INFO:colcon.colcon_core.shell:Creating environment hook '/home/amr/amr_ws/src/install/amr_description/share/amr_description/hook/cmake_prefix_path.ps1'
[4.838s] INFO:colcon.colcon_core.shell:Creating environment descriptor '/home/amr/amr_ws/src/install/amr_description/share/amr_description/hook/cmake_prefix_path.dsv'
[4.838s] INFO:colcon.colcon_core.shell:Creating environment hook '/home/amr/amr_ws/src/install/amr_description/share/amr_description/hook/cmake_prefix_path.sh'
[4.839s] Level 1:colcon.colcon_core.environment:checking '/home/amr/amr_ws/src/install/amr_description/bin'
[4.839s] Level 1:colcon.colcon_core.environment:checking '/home/amr/amr_ws/src/install/amr_description/lib/pkgconfig/amr_description.pc'
[4.840s] Level 1:colcon.colcon_core.environment:checking '/home/amr/amr_ws/src/install/amr_description/lib/python3.12/site-packages'
[4.840s] Level 1:colcon.colcon_core.environment:checking '/home/amr/amr_ws/src/install/amr_description/bin'
[4.840s] INFO:colcon.colcon_core.shell:Creating package script '/home/amr/amr_ws/src/install/amr_description/share/amr_description/package.ps1'
[4.841s] INFO:colcon.colcon_core.shell:Creating package descriptor '/home/amr/amr_ws/src/install/amr_description/share/amr_description/package.dsv'
[4.842s] INFO:colcon.colcon_core.shell:Creating package script '/home/amr/amr_ws/src/install/amr_description/share/amr_description/package.sh'
[4.842s] INFO:colcon.colcon_core.shell:Creating package script '/home/amr/amr_ws/src/install/amr_description/share/amr_description/package.bash'
[4.843s] INFO:colcon.colcon_core.shell:Creating package script '/home/amr/amr_ws/src/install/amr_description/share/amr_description/package.zsh'
[4.843s] Level 1:colcon.colcon_core.environment:create_file_with_runtime_dependencies(/home/amr/amr_ws/src/install/amr_description/share/colcon-core/packages/amr_description)
[4.844s] Level 1:colcon.colcon_core.environment:create_environment_scripts_only(amr_description)
[4.845s] Level 1:colcon.colcon_core.environment:checking '/home/amr/amr_ws/src/install/amr_description' for CMake module files
[4.845s] Level 1:colcon.colcon_core.environment:checking '/home/amr/amr_ws/src/install/amr_description' for CMake config files
[4.846s] Level 1:colcon.colcon_core.shell:create_environment_hook('amr_description', 'cmake_prefix_path')
[4.846s] INFO:colcon.colcon_core.shell:Creating environment hook '/home/amr/amr_ws/src/install/amr_description/share/amr_description/hook/cmake_prefix_path.ps1'
[4.847s] INFO:colcon.colcon_core.shell:Creating environment descriptor '/home/amr/amr_ws/src/install/amr_description/share/amr_description/hook/cmake_prefix_path.dsv'
[4.847s] INFO:colcon.colcon_core.shell:Creating environment hook '/home/amr/amr_ws/src/install/amr_description/share/amr_description/hook/cmake_prefix_path.sh'
[4.848s] Level 1:colcon.colcon_core.environment:checking '/home/amr/amr_ws/src/install/amr_description/bin'
[4.848s] Level 1:colcon.colcon_core.environment:checking '/home/amr/amr_ws/src/install/amr_description/lib/pkgconfig/amr_description.pc'
[4.849s] Level 1:colcon.colcon_core.environment:checking '/home/amr/amr_ws/src/install/amr_description/lib/python3.12/site-packages'
[4.849s] Level 1:colcon.colcon_core.environment:checking '/home/amr/amr_ws/src/install/amr_description/bin'
[4.850s] INFO:colcon.colcon_core.shell:Creating package script '/home/amr/amr_ws/src/install/amr_description/share/amr_description/package.ps1'
[4.850s] INFO:colcon.colcon_core.shell:Creating package descriptor '/home/amr/amr_ws/src/install/amr_description/share/amr_description/package.dsv'
[4.851s] INFO:colcon.colcon_core.shell:Creating package script '/home/amr/amr_ws/src/install/amr_description/share/amr_description/package.sh'
[4.852s] INFO:colcon.colcon_core.shell:Creating package script '/home/amr/amr_ws/src/install/amr_description/share/amr_description/package.bash'
[4.853s] INFO:colcon.colcon_core.shell:Creating package script '/home/amr/amr_ws/src/install/amr_description/share/amr_description/package.zsh'
[4.853s] Level 1:colcon.colcon_core.environment:create_file_with_runtime_dependencies(/home/amr/amr_ws/src/install/amr_description/share/colcon-core/packages/amr_description)
[4.854s] DEBUG:colcon.colcon_parallel_executor.executor.parallel:closing loop
[4.854s] DEBUG:colcon.colcon_parallel_executor.executor.parallel:loop closed
[4.854s] DEBUG:colcon.colcon_parallel_executor.executor.parallel:run_until_complete finished with '0'
[4.855s] DEBUG:colcon.colcon_core.event_reactor:joining thread
[4.874s] INFO:colcon.colcon_core.plugin_system:Skipping extension 'colcon_notification.desktop_notification.terminal_notifier': Not used on non-Darwin systems
[4.874s] INFO:colcon.colcon_core.plugin_system:Skipping extension 'colcon_notification.desktop_notification.win32': Not used on non-Windows systems
[4.874s] INFO:colcon.colcon_notification.desktop_notification:Sending desktop notification using 'notify2'
[4.921s] DEBUG:colcon.colcon_core.event_reactor:joined thread
[4.921s] INFO:colcon.colcon_core.shell:Creating prefix script '/home/amr/amr_ws/src/install/local_setup.ps1'
[4.923s] INFO:colcon.colcon_core.shell:Creating prefix util module '/home/amr/amr_ws/src/install/_local_setup_util_ps1.py'
[4.926s] INFO:colcon.colcon_core.shell:Creating prefix chain script '/home/amr/amr_ws/src/install/setup.ps1'
[4.933s] INFO:colcon.colcon_core.shell:Creating prefix script '/home/amr/amr_ws/src/install/local_setup.sh'
[4.935s] INFO:colcon.colcon_core.shell:Creating prefix util module '/home/amr/amr_ws/src/install/_local_setup_util_sh.py'
[4.936s] INFO:colcon.colcon_core.shell:Creating prefix chain script '/home/amr/amr_ws/src/install/setup.sh'
[4.945s] INFO:colcon.colcon_core.shell:Creating prefix script '/home/amr/amr_ws/src/install/local_setup.bash'
[4.946s] INFO:colcon.colcon_core.shell:Creating prefix chain script '/home/amr/amr_ws/src/install/setup.bash'
[4.950s] INFO:colcon.colcon_core.shell:Creating prefix script '/home/amr/amr_ws/src/install/local_setup.zsh'
[4.951s] INFO:colcon.colcon_core.shell:Creating prefix chain script '/home/amr/amr_ws/src/install/setup.zsh'
