[0.034s] Invoking command in '/home/amr/amr_ws/build/amr_simulation': CMAKE_PREFIX_PATH=${CMAKE_PREFIX_PATH}:/home/amr/turtlebot3_ws/install/turtlebot3_teleop:/home/amr/turtlebot3_ws/install/turtlebot3_example:/home/amr/ros2_ws/install/teleop_twist_keyboard:/opt/ros/jazzy DEBUGINFOD_URLS=https://debuginfod.ubuntu.com /usr/bin/cmake --build /home/amr/amr_ws/build/amr_simulation -- -j4 -l4
[0.209s] Invoked command in '/home/amr/amr_ws/build/amr_simulation' returned '0': CMAKE_PREFIX_PATH=${CMAKE_PREFIX_PATH}:/home/amr/turtlebot3_ws/install/turtlebot3_teleop:/home/amr/turtlebot3_ws/install/turtlebot3_example:/home/amr/ros2_ws/install/teleop_twist_keyboard:/opt/ros/jazzy DEBUGINFOD_URLS=https://debuginfod.ubuntu.com /usr/bin/cmake --build /home/amr/amr_ws/build/amr_simulation -- -j4 -l4
[0.229s] Invoking command in '/home/amr/amr_ws/build/amr_simulation': CMAKE_PREFIX_PATH=${CMAKE_PREFIX_PATH}:/home/amr/turtlebot3_ws/install/turtlebot3_teleop:/home/amr/turtlebot3_ws/install/turtlebot3_example:/home/amr/ros2_ws/install/teleop_twist_keyboard:/opt/ros/jazzy DEBUGINFOD_URLS=https://debuginfod.ubuntu.com /usr/bin/cmake --install /home/amr/amr_ws/build/amr_simulation
[0.246s] -- Install configuration: ""
[0.247s] -- Execute custom install script
[0.250s] -- Up-to-date symlink: /home/amr/amr_ws/install/amr_simulation/share/amr_simulation//launch/spawn_robot.launch.py
[0.250s] -- Up-to-date symlink: /home/amr/amr_ws/install/amr_simulation/share/amr_simulation//launch/world.launch.py
[0.251s] -- Up-to-date symlink: /home/amr/amr_ws/install/amr_simulation/share/amr_simulation/worlds/world_test.sdf
[0.252s] -- Up-to-date symlink: /home/amr/amr_ws/install/amr_simulation/share/ament_index/resource_index/package_run_dependencies/amr_simulation
[0.253s] -- Up-to-date symlink: /home/amr/amr_ws/install/amr_simulation/share/ament_index/resource_index/parent_prefix_path/amr_simulation
[0.254s] -- Up-to-date symlink: /home/amr/amr_ws/install/amr_simulation/share/amr_simulation/environment/ament_prefix_path.sh
[0.254s] -- Up-to-date symlink: /home/amr/amr_ws/install/amr_simulation/share/amr_simulation/environment/ament_prefix_path.dsv
[0.255s] -- Up-to-date symlink: /home/amr/amr_ws/install/amr_simulation/share/amr_simulation/environment/path.sh
[0.255s] -- Up-to-date symlink: /home/amr/amr_ws/install/amr_simulation/share/amr_simulation/environment/path.dsv
[0.257s] -- Up-to-date symlink: /home/amr/amr_ws/install/amr_simulation/share/amr_simulation/local_setup.bash
[0.258s] -- Up-to-date symlink: /home/amr/amr_ws/install/amr_simulation/share/amr_simulation/local_setup.sh
[0.259s] -- Up-to-date symlink: /home/amr/amr_ws/install/amr_simulation/share/amr_simulation/local_setup.zsh
[0.260s] -- Up-to-date symlink: /home/amr/amr_ws/install/amr_simulation/share/amr_simulation/local_setup.dsv
[0.261s] -- Symlinking: /home/amr/amr_ws/install/amr_simulation/share/amr_simulation/package.dsv
[0.278s] -- Up-to-date symlink: /home/amr/amr_ws/install/amr_simulation/share/ament_index/resource_index/packages/amr_simulation
[0.278s] -- Up-to-date symlink: /home/amr/amr_ws/install/amr_simulation/share/amr_simulation/cmake/amr_simulationConfig.cmake
[0.280s] -- Up-to-date symlink: /home/amr/amr_ws/install/amr_simulation/share/amr_simulation/cmake/amr_simulationConfig-version.cmake
[0.280s] -- Up-to-date symlink: /home/amr/amr_ws/install/amr_simulation/share/amr_simulation/package.xml
[0.286s] Invoked command in '/home/amr/amr_ws/build/amr_simulation' returned '0': CMAKE_PREFIX_PATH=${CMAKE_PREFIX_PATH}:/home/amr/turtlebot3_ws/install/turtlebot3_teleop:/home/amr/turtlebot3_ws/install/turtlebot3_example:/home/amr/ros2_ws/install/teleop_twist_keyboard:/opt/ros/jazzy DEBUGINFOD_URLS=https://debuginfod.ubuntu.com /usr/bin/cmake --install /home/amr/amr_ws/build/amr_simulation
