[0.396s] DEBUG:colcon:Command line arguments: ['/usr/bin/colcon', 'build']
[0.397s] DEBUG:colcon:Parsed command line arguments: Namespace(log_base=None, log_level=None, verb_name='build', build_base='build', install_base='install', merge_install=False, symlink_install=False, test_result_base=None, continue_on_error=False, executor='parallel', parallel_workers=4, event_handlers=None, ignore_user_meta=False, metas=['./colcon.meta'], base_paths=['.'], packages_ignore=None, packages_ignore_regex=None, paths=None, packages_up_to=None, packages_up_to_regex=None, packages_above=None, packages_above_and_dependencies=None, packages_above_depth=None, packages_select_by_dep=None, packages_skip_by_dep=None, packages_skip_up_to=None, packages_select_build_failed=False, packages_skip_build_finished=False, packages_select_test_failures=False, packages_skip_test_passed=False, packages_select=None, packages_skip=None, packages_select_regex=None, packages_skip_regex=None, packages_start=None, packages_end=None, allow_overriding=[], cmake_args=None, cmake_target=None, cmake_target_skip_unavailable=False, cmake_clean_cache=False, cmake_clean_first=False, cmake_force_configure=False, ament_cmake_args=None, catkin_cmake_args=None, catkin_skip_building_tests=False, mixin_files=None, mixin=None, verb_parser=<colcon_mixin.mixin.mixin_argument.MixinArgumentDecorator object at 0x725571488ad0>, verb_extension=<colcon_core.verb.build.BuildVerb object at 0x72557141a810>, main=<bound method BuildVerb.main of <colcon_core.verb.build.BuildVerb object at 0x72557141a810>>, mixin_verb=('build',))
[0.472s] Level 1:colcon.colcon_core.package_discovery:discover_packages(colcon_meta) check parameters
[0.472s] Level 1:colcon.colcon_core.package_discovery:discover_packages(recursive) check parameters
[0.472s] Level 1:colcon.colcon_core.package_discovery:discover_packages(ignore) check parameters
[0.472s] Level 1:colcon.colcon_core.package_discovery:discover_packages(path) check parameters
[0.472s] Level 1:colcon.colcon_core.package_discovery:discover_packages(colcon_meta) discover
[0.472s] Level 1:colcon.colcon_core.package_discovery:discover_packages(recursive) discover
[0.472s] INFO:colcon.colcon_core.package_discovery:Crawling recursively for packages in '/home/amr/amr_ws'
[0.472s] Level 1:colcon.colcon_core.package_identification:_identify(.) by extensions ['ignore', 'ignore_ament_install']
[0.473s] Level 1:colcon.colcon_core.package_identification:_identify(.) by extension 'ignore'
[0.473s] Level 1:colcon.colcon_core.package_identification:_identify(.) by extension 'ignore_ament_install'
[0.473s] Level 1:colcon.colcon_core.package_identification:_identify(.) by extensions ['colcon_pkg']
[0.473s] Level 1:colcon.colcon_core.package_identification:_identify(.) by extension 'colcon_pkg'
[0.473s] Level 1:colcon.colcon_core.package_identification:_identify(.) by extensions ['colcon_meta']
[0.473s] Level 1:colcon.colcon_core.package_identification:_identify(.) by extension 'colcon_meta'
[0.473s] Level 1:colcon.colcon_core.package_identification:_identify(.) by extensions ['ros']
[0.473s] Level 1:colcon.colcon_core.package_identification:_identify(.) by extension 'ros'
[0.527s] Level 1:colcon.colcon_core.package_identification:_identify(.) by extensions ['cmake', 'python']
[0.527s] Level 1:colcon.colcon_core.package_identification:_identify(.) by extension 'cmake'
[0.527s] Level 1:colcon.colcon_core.package_identification:_identify(.) by extension 'python'
[0.527s] Level 1:colcon.colcon_core.package_identification:_identify(.) by extensions ['python_setup_py']
[0.527s] Level 1:colcon.colcon_core.package_identification:_identify(.) by extension 'python_setup_py'
[0.527s] Level 1:colcon.colcon_core.package_identification:_identify(build) by extensions ['ignore', 'ignore_ament_install']
[0.527s] Level 1:colcon.colcon_core.package_identification:_identify(build) by extension 'ignore'
[0.528s] Level 1:colcon.colcon_core.package_identification:_identify(build) ignored
[0.528s] Level 1:colcon.colcon_core.package_identification:_identify(install) by extensions ['ignore', 'ignore_ament_install']
[0.528s] Level 1:colcon.colcon_core.package_identification:_identify(install) by extension 'ignore'
[0.528s] Level 1:colcon.colcon_core.package_identification:_identify(install) ignored
[0.528s] Level 1:colcon.colcon_core.package_identification:_identify(log) by extensions ['ignore', 'ignore_ament_install']
[0.528s] Level 1:colcon.colcon_core.package_identification:_identify(log) by extension 'ignore'
[0.528s] Level 1:colcon.colcon_core.package_identification:_identify(log) ignored
[0.529s] Level 1:colcon.colcon_core.package_identification:_identify(src) by extensions ['ignore', 'ignore_ament_install']
[0.529s] Level 1:colcon.colcon_core.package_identification:_identify(src) by extension 'ignore'
[0.529s] Level 1:colcon.colcon_core.package_identification:_identify(src) by extension 'ignore_ament_install'
[0.529s] Level 1:colcon.colcon_core.package_identification:_identify(src) by extensions ['colcon_pkg']
[0.529s] Level 1:colcon.colcon_core.package_identification:_identify(src) by extension 'colcon_pkg'
[0.529s] Level 1:colcon.colcon_core.package_identification:_identify(src) by extensions ['colcon_meta']
[0.529s] Level 1:colcon.colcon_core.package_identification:_identify(src) by extension 'colcon_meta'
[0.529s] Level 1:colcon.colcon_core.package_identification:_identify(src) by extensions ['ros']
[0.529s] Level 1:colcon.colcon_core.package_identification:_identify(src) by extension 'ros'
[0.529s] Level 1:colcon.colcon_core.package_identification:_identify(src) by extensions ['cmake', 'python']
[0.529s] Level 1:colcon.colcon_core.package_identification:_identify(src) by extension 'cmake'
[0.530s] Level 1:colcon.colcon_core.package_identification:_identify(src) by extension 'python'
[0.530s] Level 1:colcon.colcon_core.package_identification:_identify(src) by extensions ['python_setup_py']
[0.530s] Level 1:colcon.colcon_core.package_identification:_identify(src) by extension 'python_setup_py'
[0.530s] Level 1:colcon.colcon_core.package_identification:_identify(src/amr_description) by extensions ['ignore', 'ignore_ament_install']
[0.530s] Level 1:colcon.colcon_core.package_identification:_identify(src/amr_description) by extension 'ignore'
[0.530s] Level 1:colcon.colcon_core.package_identification:_identify(src/amr_description) by extension 'ignore_ament_install'
[0.530s] Level 1:colcon.colcon_core.package_identification:_identify(src/amr_description) by extensions ['colcon_pkg']
[0.530s] Level 1:colcon.colcon_core.package_identification:_identify(src/amr_description) by extension 'colcon_pkg'
[0.530s] Level 1:colcon.colcon_core.package_identification:_identify(src/amr_description) by extensions ['colcon_meta']
[0.530s] Level 1:colcon.colcon_core.package_identification:_identify(src/amr_description) by extension 'colcon_meta'
[0.531s] Level 1:colcon.colcon_core.package_identification:_identify(src/amr_description) by extensions ['ros']
[0.531s] Level 1:colcon.colcon_core.package_identification:_identify(src/amr_description) by extension 'ros'
[0.535s] DEBUG:colcon.colcon_core.package_identification:Package 'src/amr_description' with type 'ros.ament_cmake' and name 'amr_description'
[0.535s] Level 1:colcon.colcon_core.package_identification:_identify(src/amr_simulation) by extensions ['ignore', 'ignore_ament_install']
[0.536s] Level 1:colcon.colcon_core.package_identification:_identify(src/amr_simulation) by extension 'ignore'
[0.536s] Level 1:colcon.colcon_core.package_identification:_identify(src/amr_simulation) by extension 'ignore_ament_install'
[0.536s] Level 1:colcon.colcon_core.package_identification:_identify(src/amr_simulation) by extensions ['colcon_pkg']
[0.536s] Level 1:colcon.colcon_core.package_identification:_identify(src/amr_simulation) by extension 'colcon_pkg'
[0.536s] Level 1:colcon.colcon_core.package_identification:_identify(src/amr_simulation) by extensions ['colcon_meta']
[0.536s] Level 1:colcon.colcon_core.package_identification:_identify(src/amr_simulation) by extension 'colcon_meta'
[0.536s] Level 1:colcon.colcon_core.package_identification:_identify(src/amr_simulation) by extensions ['ros']
[0.536s] Level 1:colcon.colcon_core.package_identification:_identify(src/amr_simulation) by extension 'ros'
[0.537s] DEBUG:colcon.colcon_core.package_identification:Package 'src/amr_simulation' with type 'ros.ament_cmake' and name 'amr_simulation'
[0.537s] Level 1:colcon.colcon_core.package_identification:_identify(src/build) by extensions ['ignore', 'ignore_ament_install']
[0.537s] Level 1:colcon.colcon_core.package_identification:_identify(src/build) by extension 'ignore'
[0.538s] Level 1:colcon.colcon_core.package_identification:_identify(src/build) ignored
[0.538s] Level 1:colcon.colcon_core.package_identification:_identify(src/install) by extensions ['ignore', 'ignore_ament_install']
[0.538s] Level 1:colcon.colcon_core.package_identification:_identify(src/install) by extension 'ignore'
[0.538s] Level 1:colcon.colcon_core.package_identification:_identify(src/install) ignored
[0.538s] Level 1:colcon.colcon_core.package_identification:_identify(src/log) by extensions ['ignore', 'ignore_ament_install']
[0.538s] Level 1:colcon.colcon_core.package_identification:_identify(src/log) by extension 'ignore'
[0.538s] Level 1:colcon.colcon_core.package_identification:_identify(src/log) ignored
[0.538s] Level 1:colcon.colcon_core.package_discovery:discover_packages(recursive) using defaults
[0.538s] Level 1:colcon.colcon_core.package_discovery:discover_packages(ignore) discover
[0.538s] Level 1:colcon.colcon_core.package_discovery:discover_packages(ignore) using defaults
[0.539s] Level 1:colcon.colcon_core.package_discovery:discover_packages(path) discover
[0.539s] Level 1:colcon.colcon_core.package_discovery:discover_packages(path) using defaults
[0.577s] Level 1:colcon.colcon_core.package_discovery:discover_packages(prefix_path) check parameters
[0.577s] Level 1:colcon.colcon_core.package_discovery:discover_packages(prefix_path) discover
[0.583s] DEBUG:colcon.colcon_installed_package_information.package_discovery:Found 2 installed packages in /home/amr/amr_ws/install
[0.584s] DEBUG:colcon.colcon_installed_package_information.package_discovery:Found 15 installed packages in /home/amr/turtlebot3_ws/install
[0.585s] DEBUG:colcon.colcon_installed_package_information.package_discovery:Found 4 installed packages in /home/amr/ros2_ws/install
[0.588s] DEBUG:colcon.colcon_installed_package_information.package_discovery:Found 388 installed packages in /opt/ros/jazzy
[0.591s] Level 1:colcon.colcon_core.package_discovery:discover_packages(prefix_path) using defaults
[0.704s] Level 5:colcon.colcon_core.verb:set package 'amr_description' build argument 'cmake_args' from command line to 'None'
[0.704s] Level 5:colcon.colcon_core.verb:set package 'amr_description' build argument 'cmake_target' from command line to 'None'
[0.704s] Level 5:colcon.colcon_core.verb:set package 'amr_description' build argument 'cmake_target_skip_unavailable' from command line to 'False'
[0.704s] Level 5:colcon.colcon_core.verb:set package 'amr_description' build argument 'cmake_clean_cache' from command line to 'False'
[0.704s] Level 5:colcon.colcon_core.verb:set package 'amr_description' build argument 'cmake_clean_first' from command line to 'False'
[0.704s] Level 5:colcon.colcon_core.verb:set package 'amr_description' build argument 'cmake_force_configure' from command line to 'False'
[0.704s] Level 5:colcon.colcon_core.verb:set package 'amr_description' build argument 'ament_cmake_args' from command line to 'None'
[0.704s] Level 5:colcon.colcon_core.verb:set package 'amr_description' build argument 'catkin_cmake_args' from command line to 'None'
[0.704s] Level 5:colcon.colcon_core.verb:set package 'amr_description' build argument 'catkin_skip_building_tests' from command line to 'False'
[0.704s] DEBUG:colcon.colcon_core.verb:Building package 'amr_description' with the following arguments: {'ament_cmake_args': None, 'build_base': '/home/amr/amr_ws/build/amr_description', 'catkin_cmake_args': None, 'catkin_skip_building_tests': False, 'cmake_args': None, 'cmake_clean_cache': False, 'cmake_clean_first': False, 'cmake_force_configure': False, 'cmake_target': None, 'cmake_target_skip_unavailable': False, 'install_base': '/home/amr/amr_ws/install/amr_description', 'merge_install': False, 'path': '/home/amr/amr_ws/src/amr_description', 'symlink_install': False, 'test_result_base': None}
[0.705s] Level 5:colcon.colcon_core.verb:set package 'amr_simulation' build argument 'cmake_args' from command line to 'None'
[0.705s] Level 5:colcon.colcon_core.verb:set package 'amr_simulation' build argument 'cmake_target' from command line to 'None'
[0.705s] Level 5:colcon.colcon_core.verb:set package 'amr_simulation' build argument 'cmake_target_skip_unavailable' from command line to 'False'
[0.705s] Level 5:colcon.colcon_core.verb:set package 'amr_simulation' build argument 'cmake_clean_cache' from command line to 'False'
[0.705s] Level 5:colcon.colcon_core.verb:set package 'amr_simulation' build argument 'cmake_clean_first' from command line to 'False'
[0.705s] Level 5:colcon.colcon_core.verb:set package 'amr_simulation' build argument 'cmake_force_configure' from command line to 'False'
[0.705s] Level 5:colcon.colcon_core.verb:set package 'amr_simulation' build argument 'ament_cmake_args' from command line to 'None'
[0.705s] Level 5:colcon.colcon_core.verb:set package 'amr_simulation' build argument 'catkin_cmake_args' from command line to 'None'
[0.705s] Level 5:colcon.colcon_core.verb:set package 'amr_simulation' build argument 'catkin_skip_building_tests' from command line to 'False'
[0.705s] DEBUG:colcon.colcon_core.verb:Building package 'amr_simulation' with the following arguments: {'ament_cmake_args': None, 'build_base': '/home/amr/amr_ws/build/amr_simulation', 'catkin_cmake_args': None, 'catkin_skip_building_tests': False, 'cmake_args': None, 'cmake_clean_cache': False, 'cmake_clean_first': False, 'cmake_force_configure': False, 'cmake_target': None, 'cmake_target_skip_unavailable': False, 'install_base': '/home/amr/amr_ws/install/amr_simulation', 'merge_install': False, 'path': '/home/amr/amr_ws/src/amr_simulation', 'symlink_install': False, 'test_result_base': None}
[0.705s] INFO:colcon.colcon_core.executor:Executing jobs using 'parallel' executor
[0.706s] DEBUG:colcon.colcon_parallel_executor.executor.parallel:run_until_complete
[0.707s] INFO:colcon.colcon_ros.task.ament_cmake.build:Building ROS package in '/home/amr/amr_ws/src/amr_description' with build type 'ament_cmake'
[0.707s] INFO:colcon.colcon_cmake.task.cmake.build:Building CMake package in '/home/amr/amr_ws/src/amr_description'
[0.715s] INFO:colcon.colcon_core.plugin_system:Skipping extension 'colcon_core.shell.bat': Not used on non-Windows systems
[0.716s] INFO:colcon.colcon_core.shell:Skip shell extension 'powershell' for command environment: Not usable outside of PowerShell
[0.716s] DEBUG:colcon.colcon_core.shell:Skip shell extension 'dsv' for command environment
[0.728s] INFO:colcon.colcon_ros.task.ament_cmake.build:Building ROS package in '/home/amr/amr_ws/src/amr_simulation' with build type 'ament_cmake'
[0.728s] INFO:colcon.colcon_cmake.task.cmake.build:Building CMake package in '/home/amr/amr_ws/src/amr_simulation'
[0.728s] INFO:colcon.colcon_core.shell:Skip shell extension 'powershell' for command environment: Not usable outside of PowerShell
[0.728s] DEBUG:colcon.colcon_core.shell:Skip shell extension 'dsv' for command environment
[0.748s] DEBUG:colcon.colcon_core.event_handler.log_command:Invoking command in '/home/amr/amr_ws/build/amr_description': CMAKE_PREFIX_PATH=${CMAKE_PREFIX_PATH}:/home/amr/turtlebot3_ws/install/turtlebot3_teleop:/home/amr/turtlebot3_ws/install/turtlebot3_example:/home/amr/ros2_ws/install/teleop_twist_keyboard:/opt/ros/jazzy DEBUGINFOD_URLS=https://debuginfod.ubuntu.com /usr/bin/cmake --build /home/amr/amr_ws/build/amr_description -- -j4 -l4
[0.760s] DEBUG:colcon.colcon_core.event_handler.log_command:Invoking command in '/home/amr/amr_ws/build/amr_simulation': CMAKE_PREFIX_PATH=${CMAKE_PREFIX_PATH}:/home/amr/turtlebot3_ws/install/turtlebot3_teleop:/home/amr/turtlebot3_ws/install/turtlebot3_example:/home/amr/ros2_ws/install/teleop_twist_keyboard:/opt/ros/jazzy DEBUGINFOD_URLS=https://debuginfod.ubuntu.com /usr/bin/cmake --build /home/amr/amr_ws/build/amr_simulation -- -j4 -l4
[0.835s] DEBUG:colcon.colcon_core.event_handler.log_command:Invoked command in '/home/amr/amr_ws/build/amr_simulation' returned '0': CMAKE_PREFIX_PATH=${CMAKE_PREFIX_PATH}:/home/amr/turtlebot3_ws/install/turtlebot3_teleop:/home/amr/turtlebot3_ws/install/turtlebot3_example:/home/amr/ros2_ws/install/teleop_twist_keyboard:/opt/ros/jazzy DEBUGINFOD_URLS=https://debuginfod.ubuntu.com /usr/bin/cmake --build /home/amr/amr_ws/build/amr_simulation -- -j4 -l4
[0.853s] DEBUG:colcon.colcon_core.event_handler.log_command:Invoking command in '/home/amr/amr_ws/build/amr_simulation': CMAKE_PREFIX_PATH=${CMAKE_PREFIX_PATH}:/home/amr/turtlebot3_ws/install/turtlebot3_teleop:/home/amr/turtlebot3_ws/install/turtlebot3_example:/home/amr/ros2_ws/install/teleop_twist_keyboard:/opt/ros/jazzy DEBUGINFOD_URLS=https://debuginfod.ubuntu.com /usr/bin/cmake --install /home/amr/amr_ws/build/amr_simulation
[0.855s] DEBUG:colcon.colcon_core.event_handler.log_command:Invoked command in '/home/amr/amr_ws/build/amr_description' returned '0': CMAKE_PREFIX_PATH=${CMAKE_PREFIX_PATH}:/home/amr/turtlebot3_ws/install/turtlebot3_teleop:/home/amr/turtlebot3_ws/install/turtlebot3_example:/home/amr/ros2_ws/install/teleop_twist_keyboard:/opt/ros/jazzy DEBUGINFOD_URLS=https://debuginfod.ubuntu.com /usr/bin/cmake --build /home/amr/amr_ws/build/amr_description -- -j4 -l4
[0.857s] DEBUG:colcon.colcon_core.event_handler.log_command:Invoking command in '/home/amr/amr_ws/build/amr_description': CMAKE_PREFIX_PATH=${CMAKE_PREFIX_PATH}:/home/amr/turtlebot3_ws/install/turtlebot3_teleop:/home/amr/turtlebot3_ws/install/turtlebot3_example:/home/amr/ros2_ws/install/teleop_twist_keyboard:/opt/ros/jazzy DEBUGINFOD_URLS=https://debuginfod.ubuntu.com /usr/bin/cmake --install /home/amr/amr_ws/build/amr_description
[0.906s] Level 1:colcon.colcon_core.environment:create_environment_scripts_only(amr_simulation)
[0.909s] DEBUG:colcon.colcon_core.event_handler.log_command:Invoked command in '/home/amr/amr_ws/build/amr_simulation' returned '0': CMAKE_PREFIX_PATH=${CMAKE_PREFIX_PATH}:/home/amr/turtlebot3_ws/install/turtlebot3_teleop:/home/amr/turtlebot3_ws/install/turtlebot3_example:/home/amr/ros2_ws/install/teleop_twist_keyboard:/opt/ros/jazzy DEBUGINFOD_URLS=https://debuginfod.ubuntu.com /usr/bin/cmake --install /home/amr/amr_ws/build/amr_simulation
[0.920s] Level 1:colcon.colcon_core.environment:checking '/home/amr/amr_ws/install/amr_simulation' for CMake module files
[0.922s] Level 1:colcon.colcon_core.environment:checking '/home/amr/amr_ws/install/amr_simulation' for CMake config files
[0.923s] Level 1:colcon.colcon_core.shell:create_environment_hook('amr_simulation', 'cmake_prefix_path')
[0.924s] INFO:colcon.colcon_core.shell:Creating environment hook '/home/amr/amr_ws/install/amr_simulation/share/amr_simulation/hook/cmake_prefix_path.ps1'
[0.925s] INFO:colcon.colcon_core.shell:Creating environment descriptor '/home/amr/amr_ws/install/amr_simulation/share/amr_simulation/hook/cmake_prefix_path.dsv'
[0.926s] INFO:colcon.colcon_core.shell:Creating environment hook '/home/amr/amr_ws/install/amr_simulation/share/amr_simulation/hook/cmake_prefix_path.sh'
[0.927s] Level 1:colcon.colcon_core.environment:checking '/home/amr/amr_ws/install/amr_simulation/bin'
[0.927s] Level 1:colcon.colcon_core.environment:checking '/home/amr/amr_ws/install/amr_simulation/lib/pkgconfig/amr_simulation.pc'
[0.928s] Level 1:colcon.colcon_core.environment:checking '/home/amr/amr_ws/install/amr_simulation/lib/python3.12/site-packages'
[0.928s] Level 1:colcon.colcon_core.environment:checking '/home/amr/amr_ws/install/amr_simulation/bin'
[0.929s] INFO:colcon.colcon_core.shell:Creating package script '/home/amr/amr_ws/install/amr_simulation/share/amr_simulation/package.ps1'
[0.930s] INFO:colcon.colcon_core.shell:Creating package descriptor '/home/amr/amr_ws/install/amr_simulation/share/amr_simulation/package.dsv'
[0.931s] INFO:colcon.colcon_core.shell:Creating package script '/home/amr/amr_ws/install/amr_simulation/share/amr_simulation/package.sh'
[0.932s] INFO:colcon.colcon_core.shell:Creating package script '/home/amr/amr_ws/install/amr_simulation/share/amr_simulation/package.bash'
[0.933s] INFO:colcon.colcon_core.shell:Creating package script '/home/amr/amr_ws/install/amr_simulation/share/amr_simulation/package.zsh'
[0.934s] Level 1:colcon.colcon_core.environment:create_file_with_runtime_dependencies(/home/amr/amr_ws/install/amr_simulation/share/colcon-core/packages/amr_simulation)
[0.936s] Level 1:colcon.colcon_core.environment:create_environment_scripts_only(amr_simulation)
[0.936s] Level 1:colcon.colcon_core.environment:checking '/home/amr/amr_ws/install/amr_simulation' for CMake module files
[0.937s] Level 1:colcon.colcon_core.environment:checking '/home/amr/amr_ws/install/amr_simulation' for CMake config files
[0.937s] Level 1:colcon.colcon_core.shell:create_environment_hook('amr_simulation', 'cmake_prefix_path')
[0.937s] INFO:colcon.colcon_core.shell:Creating environment hook '/home/amr/amr_ws/install/amr_simulation/share/amr_simulation/hook/cmake_prefix_path.ps1'
[0.938s] INFO:colcon.colcon_core.shell:Creating environment descriptor '/home/amr/amr_ws/install/amr_simulation/share/amr_simulation/hook/cmake_prefix_path.dsv'
[0.939s] INFO:colcon.colcon_core.shell:Creating environment hook '/home/amr/amr_ws/install/amr_simulation/share/amr_simulation/hook/cmake_prefix_path.sh'
[0.940s] Level 1:colcon.colcon_core.environment:checking '/home/amr/amr_ws/install/amr_simulation/bin'
[0.940s] Level 1:colcon.colcon_core.environment:checking '/home/amr/amr_ws/install/amr_simulation/lib/pkgconfig/amr_simulation.pc'
[0.940s] Level 1:colcon.colcon_core.environment:checking '/home/amr/amr_ws/install/amr_simulation/lib/python3.12/site-packages'
[0.941s] Level 1:colcon.colcon_core.environment:checking '/home/amr/amr_ws/install/amr_simulation/bin'
[0.941s] INFO:colcon.colcon_core.shell:Creating package script '/home/amr/amr_ws/install/amr_simulation/share/amr_simulation/package.ps1'
[0.942s] INFO:colcon.colcon_core.shell:Creating package descriptor '/home/amr/amr_ws/install/amr_simulation/share/amr_simulation/package.dsv'
[0.942s] INFO:colcon.colcon_core.shell:Creating package script '/home/amr/amr_ws/install/amr_simulation/share/amr_simulation/package.sh'
[0.943s] INFO:colcon.colcon_core.shell:Creating package script '/home/amr/amr_ws/install/amr_simulation/share/amr_simulation/package.bash'
[0.944s] INFO:colcon.colcon_core.shell:Creating package script '/home/amr/amr_ws/install/amr_simulation/share/amr_simulation/package.zsh'
[0.945s] Level 1:colcon.colcon_core.environment:create_file_with_runtime_dependencies(/home/amr/amr_ws/install/amr_simulation/share/colcon-core/packages/amr_simulation)
[0.946s] Level 1:colcon.colcon_core.environment:create_environment_scripts_only(amr_description)
[0.947s] Level 1:colcon.colcon_core.environment:checking '/home/amr/amr_ws/install/amr_description' for CMake module files
[0.948s] DEBUG:colcon.colcon_core.event_handler.log_command:Invoked command in '/home/amr/amr_ws/build/amr_description' returned '0': CMAKE_PREFIX_PATH=${CMAKE_PREFIX_PATH}:/home/amr/turtlebot3_ws/install/turtlebot3_teleop:/home/amr/turtlebot3_ws/install/turtlebot3_example:/home/amr/ros2_ws/install/teleop_twist_keyboard:/opt/ros/jazzy DEBUGINFOD_URLS=https://debuginfod.ubuntu.com /usr/bin/cmake --install /home/amr/amr_ws/build/amr_description
[0.949s] Level 1:colcon.colcon_core.environment:checking '/home/amr/amr_ws/install/amr_description' for CMake config files
[0.951s] Level 1:colcon.colcon_core.shell:create_environment_hook('amr_description', 'cmake_prefix_path')
[0.951s] INFO:colcon.colcon_core.shell:Creating environment hook '/home/amr/amr_ws/install/amr_description/share/amr_description/hook/cmake_prefix_path.ps1'
[0.952s] INFO:colcon.colcon_core.shell:Creating environment descriptor '/home/amr/amr_ws/install/amr_description/share/amr_description/hook/cmake_prefix_path.dsv'
[0.952s] INFO:colcon.colcon_core.shell:Creating environment hook '/home/amr/amr_ws/install/amr_description/share/amr_description/hook/cmake_prefix_path.sh'
[0.953s] Level 1:colcon.colcon_core.environment:checking '/home/amr/amr_ws/install/amr_description/bin'
[0.953s] Level 1:colcon.colcon_core.environment:checking '/home/amr/amr_ws/install/amr_description/lib/pkgconfig/amr_description.pc'
[0.954s] Level 1:colcon.colcon_core.environment:checking '/home/amr/amr_ws/install/amr_description/lib/python3.12/site-packages'
[0.954s] Level 1:colcon.colcon_core.environment:checking '/home/amr/amr_ws/install/amr_description/bin'
[0.954s] INFO:colcon.colcon_core.shell:Creating package script '/home/amr/amr_ws/install/amr_description/share/amr_description/package.ps1'
[0.955s] INFO:colcon.colcon_core.shell:Creating package descriptor '/home/amr/amr_ws/install/amr_description/share/amr_description/package.dsv'
[0.956s] INFO:colcon.colcon_core.shell:Creating package script '/home/amr/amr_ws/install/amr_description/share/amr_description/package.sh'
[0.957s] INFO:colcon.colcon_core.shell:Creating package script '/home/amr/amr_ws/install/amr_description/share/amr_description/package.bash'
[0.958s] INFO:colcon.colcon_core.shell:Creating package script '/home/amr/amr_ws/install/amr_description/share/amr_description/package.zsh'
[0.959s] Level 1:colcon.colcon_core.environment:create_file_with_runtime_dependencies(/home/amr/amr_ws/install/amr_description/share/colcon-core/packages/amr_description)
[0.960s] Level 1:colcon.colcon_core.environment:create_environment_scripts_only(amr_description)
[0.960s] Level 1:colcon.colcon_core.environment:checking '/home/amr/amr_ws/install/amr_description' for CMake module files
[0.961s] Level 1:colcon.colcon_core.environment:checking '/home/amr/amr_ws/install/amr_description' for CMake config files
[0.961s] Level 1:colcon.colcon_core.shell:create_environment_hook('amr_description', 'cmake_prefix_path')
[0.962s] INFO:colcon.colcon_core.shell:Creating environment hook '/home/amr/amr_ws/install/amr_description/share/amr_description/hook/cmake_prefix_path.ps1'
[0.962s] INFO:colcon.colcon_core.shell:Creating environment descriptor '/home/amr/amr_ws/install/amr_description/share/amr_description/hook/cmake_prefix_path.dsv'
[0.963s] INFO:colcon.colcon_core.shell:Creating environment hook '/home/amr/amr_ws/install/amr_description/share/amr_description/hook/cmake_prefix_path.sh'
[0.964s] Level 1:colcon.colcon_core.environment:checking '/home/amr/amr_ws/install/amr_description/bin'
[0.964s] Level 1:colcon.colcon_core.environment:checking '/home/amr/amr_ws/install/amr_description/lib/pkgconfig/amr_description.pc'
[0.964s] Level 1:colcon.colcon_core.environment:checking '/home/amr/amr_ws/install/amr_description/lib/python3.12/site-packages'
[0.965s] Level 1:colcon.colcon_core.environment:checking '/home/amr/amr_ws/install/amr_description/bin'
[0.965s] INFO:colcon.colcon_core.shell:Creating package script '/home/amr/amr_ws/install/amr_description/share/amr_description/package.ps1'
[0.966s] INFO:colcon.colcon_core.shell:Creating package descriptor '/home/amr/amr_ws/install/amr_description/share/amr_description/package.dsv'
[0.967s] INFO:colcon.colcon_core.shell:Creating package script '/home/amr/amr_ws/install/amr_description/share/amr_description/package.sh'
[0.967s] INFO:colcon.colcon_core.shell:Creating package script '/home/amr/amr_ws/install/amr_description/share/amr_description/package.bash'
[0.968s] INFO:colcon.colcon_core.shell:Creating package script '/home/amr/amr_ws/install/amr_description/share/amr_description/package.zsh'
[0.969s] Level 1:colcon.colcon_core.environment:create_file_with_runtime_dependencies(/home/amr/amr_ws/install/amr_description/share/colcon-core/packages/amr_description)
[0.970s] DEBUG:colcon.colcon_parallel_executor.executor.parallel:closing loop
[0.970s] DEBUG:colcon.colcon_parallel_executor.executor.parallel:loop closed
[0.970s] DEBUG:colcon.colcon_parallel_executor.executor.parallel:run_until_complete finished with '0'
[0.970s] DEBUG:colcon.colcon_core.event_reactor:joining thread
[0.984s] INFO:colcon.colcon_core.plugin_system:Skipping extension 'colcon_notification.desktop_notification.terminal_notifier': Not used on non-Darwin systems
[0.985s] INFO:colcon.colcon_core.plugin_system:Skipping extension 'colcon_notification.desktop_notification.win32': Not used on non-Windows systems
[0.985s] INFO:colcon.colcon_notification.desktop_notification:Sending desktop notification using 'notify2'
[1.038s] DEBUG:colcon.colcon_core.event_reactor:joined thread
[1.038s] INFO:colcon.colcon_core.shell:Creating prefix script '/home/amr/amr_ws/install/local_setup.ps1'
[1.040s] INFO:colcon.colcon_core.shell:Creating prefix util module '/home/amr/amr_ws/install/_local_setup_util_ps1.py'
[1.044s] INFO:colcon.colcon_core.shell:Creating prefix chain script '/home/amr/amr_ws/install/setup.ps1'
[1.048s] INFO:colcon.colcon_core.shell:Creating prefix script '/home/amr/amr_ws/install/local_setup.sh'
[1.049s] INFO:colcon.colcon_core.shell:Creating prefix util module '/home/amr/amr_ws/install/_local_setup_util_sh.py'
[1.051s] INFO:colcon.colcon_core.shell:Creating prefix chain script '/home/amr/amr_ws/install/setup.sh'
[1.055s] INFO:colcon.colcon_core.shell:Creating prefix script '/home/amr/amr_ws/install/local_setup.bash'
[1.056s] INFO:colcon.colcon_core.shell:Creating prefix chain script '/home/amr/amr_ws/install/setup.bash'
[1.059s] INFO:colcon.colcon_core.shell:Creating prefix script '/home/amr/amr_ws/install/local_setup.zsh'
[1.060s] INFO:colcon.colcon_core.shell:Creating prefix chain script '/home/amr/amr_ws/install/setup.zsh'
