-- The C compiler identification is GNU 13.3.0
-- The CXX compiler identification is GNU 13.3.0
-- Detecting C compiler ABI info
-- Detecting C compiler ABI info - done
-- Check for working C compiler: /usr/bin/cc - skipped
-- Detecting C compile features
-- Detecting C compile features - done
-- Detecting CXX compiler ABI info
-- Detecting CXX compiler ABI info - done
-- Check for working CXX compiler: /usr/bin/c++ - skipped
-- Detecting CXX compile features
-- Detecting CXX compile features - done
-- Found ament_cmake: 2.5.4 (/opt/ros/jazzy/share/ament_cmake/cmake)
-- Found Python3: /usr/bin/python3 (found version "3.12.3") found components: Interpreter 
-- Override CMake install command with custom implementation using symlinks instead of copying resources
-- Found ament_lint_auto: 0.17.2 (/opt/ros/jazzy/share/ament_lint_auto/cmake)
-- Added test 'lint_cmake' to check CMake code style
-- Added test 'xmllint' to check XML markup files
-- Configuring done (1.9s)
-- Generating done (0.0s)
-- Build files have been written to: /home/amr/amr_ws/build/amr_simulation
-- Install configuration: ""
-- Execute custom install script
-- Symlinking: /home/amr/amr_ws/install/amr_simulation/share/ament_index/resource_index/package_run_dependencies/amr_simulation
-- Symlinking: /home/amr/amr_ws/install/amr_simulation/share/ament_index/resource_index/parent_prefix_path/amr_simulation
-- Symlinking: /home/amr/amr_ws/install/amr_simulation/share/amr_simulation/environment/ament_prefix_path.sh
-- Symlinking: /home/amr/amr_ws/install/amr_simulation/share/amr_simulation/environment/ament_prefix_path.dsv
-- Symlinking: /home/amr/amr_ws/install/amr_simulation/share/amr_simulation/environment/path.sh
-- Symlinking: /home/amr/amr_ws/install/amr_simulation/share/amr_simulation/environment/path.dsv
-- Symlinking: /home/amr/amr_ws/install/amr_simulation/share/amr_simulation/local_setup.bash
-- Symlinking: /home/amr/amr_ws/install/amr_simulation/share/amr_simulation/local_setup.sh
-- Symlinking: /home/amr/amr_ws/install/amr_simulation/share/amr_simulation/local_setup.zsh
-- Symlinking: /home/amr/amr_ws/install/amr_simulation/share/amr_simulation/local_setup.dsv
-- Symlinking: /home/amr/amr_ws/install/amr_simulation/share/amr_simulation/package.dsv
-- Symlinking: /home/amr/amr_ws/install/amr_simulation/share/ament_index/resource_index/packages/amr_simulation
-- Symlinking: /home/amr/amr_ws/install/amr_simulation/share/amr_simulation/cmake/amr_simulationConfig.cmake
-- Symlinking: /home/amr/amr_ws/install/amr_simulation/share/amr_simulation/cmake/amr_simulationConfig-version.cmake
-- Symlinking: /home/amr/amr_ws/install/amr_simulation/share/amr_simulation/package.xml
