[0.024s] Invoking command in '/home/amr/amr_ws/build/amr_simulation': CMAKE_PREFIX_PATH=${CMAKE_PREFIX_PATH}:/home/amr/turtlebot3_ws/install/turtlebot3_teleop:/home/amr/turtlebot3_ws/install/turtlebot3_example:/home/amr/ros2_ws/install/teleop_twist_keyboard:/opt/ros/jazzy DEBUGINFOD_URLS=https://debuginfod.ubuntu.com /usr/bin/cmake /home/amr/amr_ws/src/amr_simulation -DAMENT_CMAKE_SYMLINK_INSTALL=1 -DCMAKE_INSTALL_PREFIX=/home/amr/amr_ws/install/amr_simulation
[0.204s] -- The C compiler identification is GNU 13.3.0
[0.404s] -- The CXX compiler identification is GNU 13.3.0
[0.438s] -- Detecting C compiler ABI info
[0.612s] -- Detecting C compiler ABI info - done
[0.629s] -- Check for working C compiler: /usr/bin/cc - skipped
[0.631s] -- Detecting C compile features
[0.633s] -- Detecting C compile features - done
[0.653s] -- Detecting CXX compiler ABI info
[0.927s] -- Detecting CXX compiler ABI info - done
[0.953s] -- Check for working CXX compiler: /usr/bin/c++ - skipped
[0.954s] -- Detecting CXX compile features
[0.954s] -- Detecting CXX compile features - done
[0.981s] -- Found ament_cmake: 2.5.4 (/opt/ros/jazzy/share/ament_cmake/cmake)
[1.324s] -- Found Python3: /usr/bin/python3 (found version "3.12.3") found components: Interpreter 
[1.481s] -- Override CMake install command with custom implementation using symlinks instead of copying resources
[1.638s] -- Found ament_lint_auto: 0.17.2 (/opt/ros/jazzy/share/ament_lint_auto/cmake)
[1.912s] -- Added test 'lint_cmake' to check CMake code style
[1.922s] -- Added test 'xmllint' to check XML markup files
[1.926s] -- Configuring done (1.9s)
[1.936s] -- Generating done (0.0s)
[1.939s] -- Build files have been written to: /home/amr/amr_ws/build/amr_simulation
[1.953s] Invoked command in '/home/amr/amr_ws/build/amr_simulation' returned '0': CMAKE_PREFIX_PATH=${CMAKE_PREFIX_PATH}:/home/amr/turtlebot3_ws/install/turtlebot3_teleop:/home/amr/turtlebot3_ws/install/turtlebot3_example:/home/amr/ros2_ws/install/teleop_twist_keyboard:/opt/ros/jazzy DEBUGINFOD_URLS=https://debuginfod.ubuntu.com /usr/bin/cmake /home/amr/amr_ws/src/amr_simulation -DAMENT_CMAKE_SYMLINK_INSTALL=1 -DCMAKE_INSTALL_PREFIX=/home/amr/amr_ws/install/amr_simulation
[1.954s] Invoking command in '/home/amr/amr_ws/build/amr_simulation': CMAKE_PREFIX_PATH=${CMAKE_PREFIX_PATH}:/home/amr/turtlebot3_ws/install/turtlebot3_teleop:/home/amr/turtlebot3_ws/install/turtlebot3_example:/home/amr/ros2_ws/install/teleop_twist_keyboard:/opt/ros/jazzy DEBUGINFOD_URLS=https://debuginfod.ubuntu.com /usr/bin/cmake --build /home/amr/amr_ws/build/amr_simulation -- -j4 -l4
[2.039s] Invoked command in '/home/amr/amr_ws/build/amr_simulation' returned '0': CMAKE_PREFIX_PATH=${CMAKE_PREFIX_PATH}:/home/amr/turtlebot3_ws/install/turtlebot3_teleop:/home/amr/turtlebot3_ws/install/turtlebot3_example:/home/amr/ros2_ws/install/teleop_twist_keyboard:/opt/ros/jazzy DEBUGINFOD_URLS=https://debuginfod.ubuntu.com /usr/bin/cmake --build /home/amr/amr_ws/build/amr_simulation -- -j4 -l4
[2.057s] Invoking command in '/home/amr/amr_ws/build/amr_simulation': CMAKE_PREFIX_PATH=${CMAKE_PREFIX_PATH}:/home/amr/turtlebot3_ws/install/turtlebot3_teleop:/home/amr/turtlebot3_ws/install/turtlebot3_example:/home/amr/ros2_ws/install/teleop_twist_keyboard:/opt/ros/jazzy DEBUGINFOD_URLS=https://debuginfod.ubuntu.com /usr/bin/cmake --install /home/amr/amr_ws/build/amr_simulation
[2.072s] -- Install configuration: ""
[2.073s] -- Execute custom install script
[2.074s] -- Symlinking: /home/amr/amr_ws/install/amr_simulation/share/ament_index/resource_index/package_run_dependencies/amr_simulation
[2.093s] -- Symlinking: /home/amr/amr_ws/install/amr_simulation/share/ament_index/resource_index/parent_prefix_path/amr_simulation
[2.111s] -- Symlinking: /home/amr/amr_ws/install/amr_simulation/share/amr_simulation/environment/ament_prefix_path.sh
[2.128s] -- Symlinking: /home/amr/amr_ws/install/amr_simulation/share/amr_simulation/environment/ament_prefix_path.dsv
[2.144s] -- Symlinking: /home/amr/amr_ws/install/amr_simulation/share/amr_simulation/environment/path.sh
[2.160s] -- Symlinking: /home/amr/amr_ws/install/amr_simulation/share/amr_simulation/environment/path.dsv
[2.176s] -- Symlinking: /home/amr/amr_ws/install/amr_simulation/share/amr_simulation/local_setup.bash
[2.196s] -- Symlinking: /home/amr/amr_ws/install/amr_simulation/share/amr_simulation/local_setup.sh
[2.213s] -- Symlinking: /home/amr/amr_ws/install/amr_simulation/share/amr_simulation/local_setup.zsh
[2.229s] -- Symlinking: /home/amr/amr_ws/install/amr_simulation/share/amr_simulation/local_setup.dsv
[2.245s] -- Symlinking: /home/amr/amr_ws/install/amr_simulation/share/amr_simulation/package.dsv
[2.262s] -- Symlinking: /home/amr/amr_ws/install/amr_simulation/share/ament_index/resource_index/packages/amr_simulation
[2.279s] -- Symlinking: /home/amr/amr_ws/install/amr_simulation/share/amr_simulation/cmake/amr_simulationConfig.cmake
[2.299s] -- Symlinking: /home/amr/amr_ws/install/amr_simulation/share/amr_simulation/cmake/amr_simulationConfig-version.cmake
[2.317s] -- Symlinking: /home/amr/amr_ws/install/amr_simulation/share/amr_simulation/package.xml
[2.338s] Invoked command in '/home/amr/amr_ws/build/amr_simulation' returned '0': CMAKE_PREFIX_PATH=${CMAKE_PREFIX_PATH}:/home/amr/turtlebot3_ws/install/turtlebot3_teleop:/home/amr/turtlebot3_ws/install/turtlebot3_example:/home/amr/ros2_ws/install/teleop_twist_keyboard:/opt/ros/jazzy DEBUGINFOD_URLS=https://debuginfod.ubuntu.com /usr/bin/cmake --install /home/amr/amr_ws/build/amr_simulation
